<?xml version="1.0" encoding="UTF-8"?>
<testsuite name="fr.learn.LearnApplicationTests" tests="1" skipped="0" failures="0" errors="0" timestamp="2017-02-27T12:19:56" hostname="ider-Inspiron-3542" time="0.104">
  <properties/>
  <testcase name="contextLoads" classname="fr.learn.LearnApplicationTests" time="0.104"/>
  <system-out><![CDATA[13:19:42.848 [Test worker] DEBUG org.springframework.test.context.junit4.SpringJUnit4ClassRunner - SpringJUnit4ClassRunner constructor called with [class fr.learn.LearnApplicationTests]
13:19:42.859 [Test worker] DEBUG org.springframework.test.context.BootstrapUtils - Instantiating CacheAwareContextLoaderDelegate from class [org.springframework.test.context.cache.DefaultCacheAwareContextLoaderDelegate]
13:19:42.872 [Test worker] DEBUG org.springframework.test.context.BootstrapUtils - Instantiating BootstrapContext using constructor [public org.springframework.test.context.support.DefaultBootstrapContext(java.lang.Class,org.springframework.test.context.CacheAwareContextLoaderDelegate)]
13:19:42.901 [Test worker] DEBUG org.springframework.test.context.BootstrapUtils - Instantiating TestContextBootstrapper for test class [fr.learn.LearnApplicationTests] from class [org.springframework.boot.test.context.SpringBootTestContextBootstrapper]
13:19:42.930 [Test worker] INFO org.springframework.boot.test.context.SpringBootTestContextBootstrapper - Neither @ContextConfiguration nor @ContextHierarchy found for test class [fr.learn.LearnApplicationTests], using SpringBootContextLoader
13:19:42.938 [Test worker] DEBUG org.springframework.test.context.support.AbstractContextLoader - Did not detect default resource location for test class [fr.learn.LearnApplicationTests]: class path resource [fr/learn/LearnApplicationTests-context.xml] does not exist
13:19:42.939 [Test worker] DEBUG org.springframework.test.context.support.AbstractContextLoader - Did not detect default resource location for test class [fr.learn.LearnApplicationTests]: class path resource [fr/learn/LearnApplicationTestsContext.groovy] does not exist
13:19:42.939 [Test worker] INFO org.springframework.test.context.support.AbstractContextLoader - Could not detect default resource locations for test class [fr.learn.LearnApplicationTests]: no resource found for suffixes {-context.xml, Context.groovy}.
13:19:42.941 [Test worker] INFO org.springframework.test.context.support.AnnotationConfigContextLoaderUtils - Could not detect default configuration classes for test class [fr.learn.LearnApplicationTests]: LearnApplicationTests does not declare any static, non-private, non-final, nested classes annotated with @Configuration.
13:19:43.049 [Test worker] DEBUG org.springframework.test.context.support.ActiveProfilesUtils - Could not find an 'annotation declaring class' for annotation type [org.springframework.test.context.ActiveProfiles] and class [fr.learn.LearnApplicationTests]
13:19:43.070 [Test worker] DEBUG org.springframework.core.env.StandardEnvironment - Adding [systemProperties] PropertySource with lowest search precedence
13:19:43.072 [Test worker] DEBUG org.springframework.core.env.StandardEnvironment - Adding [systemEnvironment] PropertySource with lowest search precedence
13:19:43.072 [Test worker] DEBUG org.springframework.core.env.StandardEnvironment - Initialized StandardEnvironment with PropertySources [systemProperties,systemEnvironment]
13:19:43.093 [Test worker] DEBUG org.springframework.core.io.support.PathMatchingResourcePatternResolver - Resolved classpath location [fr/learn/] to resources [URL [file:/media/ider/disque%20local/workSpace/java/java%20jee/learn/build/classes/test/fr/learn/], URL [file:/media/ider/disque%20local/workSpace/java/java%20jee/learn/build/classes/main/fr/learn/]]
13:19:43.093 [Test worker] DEBUG org.springframework.core.io.support.PathMatchingResourcePatternResolver - Looking for matching resources in directory tree [/media/ider/disque local/workSpace/java/java jee/learn/build/classes/test/fr/learn]
13:19:43.094 [Test worker] DEBUG org.springframework.core.io.support.PathMatchingResourcePatternResolver - Searching directory [/media/ider/disque local/workSpace/java/java jee/learn/build/classes/test/fr/learn] for files matching pattern [/media/ider/disque local/workSpace/java/java jee/learn/build/classes/test/fr/learn/*.class]
13:19:43.101 [Test worker] DEBUG org.springframework.core.io.support.PathMatchingResourcePatternResolver - Looking for matching resources in directory tree [/media/ider/disque local/workSpace/java/java jee/learn/build/classes/main/fr/learn]
13:19:43.101 [Test worker] DEBUG org.springframework.core.io.support.PathMatchingResourcePatternResolver - Searching directory [/media/ider/disque local/workSpace/java/java jee/learn/build/classes/main/fr/learn] for files matching pattern [/media/ider/disque local/workSpace/java/java jee/learn/build/classes/main/fr/learn/*.class]
13:19:43.105 [Test worker] DEBUG org.springframework.core.io.support.PathMatchingResourcePatternResolver - Resolved location pattern [classpath*:fr/learn/*.class] to resources [file [/media/ider/disque local/workSpace/java/java jee/learn/build/classes/test/fr/learn/LearnApplicationTests.class], file [/media/ider/disque local/workSpace/java/java jee/learn/build/classes/main/fr/learn/LearnApplication.class], file [/media/ider/disque local/workSpace/java/java jee/learn/build/classes/main/fr/learn/MvcController.class], file [/media/ider/disque local/workSpace/java/java jee/learn/build/classes/main/fr/learn/SecurityConfig.class]]
13:19:43.187 [Test worker] DEBUG org.springframework.context.annotation.ClassPathScanningCandidateComponentProvider - Identified candidate component class: file [/media/ider/disque local/workSpace/java/java jee/learn/build/classes/main/fr/learn/LearnApplication.class]
13:19:43.211 [Test worker] INFO org.springframework.boot.test.context.SpringBootTestContextBootstrapper - Found @SpringBootConfiguration fr.learn.LearnApplication for test class fr.learn.LearnApplicationTests
13:19:43.219 [Test worker] DEBUG org.springframework.boot.test.context.SpringBootTestContextBootstrapper - @TestExecutionListeners is not present for class [fr.learn.LearnApplicationTests]: using defaults.
13:19:43.227 [Test worker] INFO org.springframework.boot.test.context.SpringBootTestContextBootstrapper - Loaded default TestExecutionListener class names from location [META-INF/spring.factories]: [org.springframework.boot.test.mock.mockito.MockitoTestExecutionListener, org.springframework.boot.test.mock.mockito.ResetMocksTestExecutionListener, org.springframework.boot.test.autoconfigure.restdocs.RestDocsTestExecutionListener, org.springframework.boot.test.autoconfigure.web.client.MockRestServiceServerResetTestExecutionListener, org.springframework.boot.test.autoconfigure.web.servlet.MockMvcPrintOnlyOnFailureTestExecutionListener, org.springframework.boot.test.autoconfigure.web.servlet.WebDriverTestExecutionListener, org.springframework.test.context.web.ServletTestExecutionListener, org.springframework.test.context.support.DirtiesContextBeforeModesTestExecutionListener, org.springframework.test.context.support.DependencyInjectionTestExecutionListener, org.springframework.test.context.support.DirtiesContextTestExecutionListener, org.springframework.test.context.transaction.TransactionalTestExecutionListener, org.springframework.test.context.jdbc.SqlScriptsTestExecutionListener]
13:19:43.277 [Test worker] INFO org.springframework.boot.test.context.SpringBootTestContextBootstrapper - Using TestExecutionListeners: [org.springframework.test.context.web.ServletTestExecutionListener@40c64df7, org.springframework.test.context.support.DirtiesContextBeforeModesTestExecutionListener@3177686a, org.springframework.boot.test.autoconfigure.SpringBootDependencyInjectionTestExecutionListener@297ad549, org.springframework.test.context.support.DirtiesContextTestExecutionListener@4bb77ac9, org.springframework.test.context.transaction.TransactionalTestExecutionListener@39ec2fbd, org.springframework.test.context.jdbc.SqlScriptsTestExecutionListener@33d234d2, org.springframework.boot.test.autoconfigure.restdocs.RestDocsTestExecutionListener@4c7d6f7c, org.springframework.boot.test.autoconfigure.web.servlet.MockMvcPrintOnlyOnFailureTestExecutionListener@3cec2508, org.springframework.boot.test.autoconfigure.web.client.MockRestServiceServerResetTestExecutionListener@64a574ef, org.springframework.boot.test.mock.mockito.ResetMocksTestExecutionListener@46f3b80d, org.springframework.boot.test.autoconfigure.web.servlet.WebDriverTestExecutionListener@61d22920, org.springframework.boot.test.mock.mockito.MockitoTestExecutionListener@3c4b9477]
13:19:43.282 [Test worker] DEBUG org.springframework.test.annotation.ProfileValueUtils - Retrieved @ProfileValueSourceConfiguration [null] for test class [fr.learn.LearnApplicationTests]
13:19:43.284 [Test worker] DEBUG org.springframework.test.annotation.ProfileValueUtils - Retrieved ProfileValueSource type [class org.springframework.test.annotation.SystemProfileValueSource] for class [fr.learn.LearnApplicationTests]
13:19:43.286 [Test worker] DEBUG org.springframework.test.annotation.ProfileValueUtils - Retrieved @ProfileValueSourceConfiguration [null] for test class [fr.learn.LearnApplicationTests]
13:19:43.286 [Test worker] DEBUG org.springframework.test.annotation.ProfileValueUtils - Retrieved ProfileValueSource type [class org.springframework.test.annotation.SystemProfileValueSource] for class [fr.learn.LearnApplicationTests]
13:19:43.294 [Test worker] DEBUG org.springframework.test.context.support.AbstractDirtiesContextTestExecutionListener - Before test class: context [DefaultTestContext@706be2ad testClass = LearnApplicationTests, testInstance = [null], testMethod = [null], testException = [null], mergedContextConfiguration = [WebMergedContextConfiguration@50b8a9cb testClass = LearnApplicationTests, locations = '{}', classes = '{class fr.learn.LearnApplication}', contextInitializerClasses = '[]', activeProfiles = '{}', propertySourceLocations = '{}', propertySourceProperties = '{org.springframework.boot.test.context.SpringBootTestContextBootstrapper=true}', contextCustomizers = set[org.springframework.boot.test.context.SpringBootTestContextCustomizer@4f280698, org.springframework.boot.test.context.filter.ExcludeFilterContextCustomizer@b308764, org.springframework.boot.test.mock.mockito.MockitoContextCustomizer@0, org.springframework.boot.test.autoconfigure.properties.PropertyMappingContextCustomizer@0, org.springframework.boot.test.autoconfigure.web.servlet.WebDriverContextCustomizerFactory$Customizer@34ddf40a], resourceBasePath = 'src/main/webapp', contextLoader = 'org.springframework.boot.test.context.SpringBootContextLoader', parent = [null]]], class annotated with @DirtiesContext [false] with mode [null].
13:19:43.295 [Test worker] DEBUG org.springframework.test.annotation.ProfileValueUtils - Retrieved @ProfileValueSourceConfiguration [null] for test class [fr.learn.LearnApplicationTests]
13:19:43.296 [Test worker] DEBUG org.springframework.test.annotation.ProfileValueUtils - Retrieved ProfileValueSource type [class org.springframework.test.annotation.SystemProfileValueSource] for class [fr.learn.LearnApplicationTests]
13:19:43.419 [Test worker] DEBUG org.springframework.core.env.StandardEnvironment - Adding [systemProperties] PropertySource with lowest search precedence
13:19:43.420 [Test worker] DEBUG org.springframework.core.env.StandardEnvironment - Adding [systemEnvironment] PropertySource with lowest search precedence
13:19:43.420 [Test worker] DEBUG org.springframework.core.env.StandardEnvironment - Initialized StandardEnvironment with PropertySources [systemProperties,systemEnvironment]
13:19:43.422 [Test worker] DEBUG org.springframework.core.env.MutablePropertySources - Adding [inline] PropertySource with highest search precedence
13:19:43.432 [Test worker] DEBUG org.springframework.test.context.support.TestPropertySourceUtils - Adding inlined properties to environment: {spring.jmx.enabled=false, org.springframework.boot.test.context.SpringBootTestContextBootstrapper=true, server.port=-1}
13:19:43.433 [Test worker] DEBUG org.springframework.core.env.StandardEnvironment - Adding [Inlined Test Properties] PropertySource with highest search precedence

  .   ____          _            __ _ _
 /\\ / ___'_ __ _ _(_)_ __  __ _ \ \ \ \
( ( )\___ | '_ | '_| | '_ \/ _` | \ \ \ \
 \\/  ___)| |_)| | | | | || (_| |  ) ) ) )
  '  |____| .__|_| |_|_| |_\__, | / / / /
 =========|_|==============|___/=/_/_/_/
 :: Spring Boot ::        (v1.5.1.RELEASE)

2017-02-27 13:19:44.081  INFO 11219 --- [    Test worker] fr.learn.LearnApplicationTests           : Starting LearnApplicationTests on ider-Inspiron-3542 with PID 11219 (started by ider in /media/ider/disque local/workSpace/java/java jee/learn)
2017-02-27 13:19:44.083  INFO 11219 --- [    Test worker] fr.learn.LearnApplicationTests           : No active profile set, falling back to default profiles: default
2017-02-27 13:19:44.170  INFO 11219 --- [    Test worker] o.s.w.c.s.GenericWebApplicationContext   : Refreshing org.springframework.web.context.support.GenericWebApplicationContext@16fbdbcc: startup date [Mon Feb 27 13:19:44 CET 2017]; root of context hierarchy
2017-02-27 13:19:46.111  INFO 11219 --- [    Test worker] o.s.b.f.s.DefaultListableBeanFactory     : Overriding bean definition for bean 'bCryptPasswordEncoder' with a different definition: replacing [Root bean: class [null]; scope=; abstract=false; lazyInit=false; autowireMode=3; dependencyCheck=0; autowireCandidate=true; primary=false; factoryBeanName=securityConfig; factoryMethodName=bCryptPasswordEncoder; initMethodName=null; destroyMethodName=(inferred); defined in class path resource [fr/learn/SecurityConfig.class]] with [Root bean: class [null]; scope=; abstract=false; lazyInit=false; autowireMode=3; dependencyCheck=0; autowireCandidate=true; primary=false; factoryBeanName=memberService; factoryMethodName=bCryptPasswordEncoder; initMethodName=null; destroyMethodName=(inferred); defined in class path resource [fr/learn/member/MemberService.class]]
2017-02-27 13:19:47.530  INFO 11219 --- [    Test worker] trationDelegate$BeanPostProcessorChecker : Bean 'org.springframework.boot.autoconfigure.validation.ValidationAutoConfiguration' of type [class org.springframework.boot.autoconfigure.validation.ValidationAutoConfiguration] is not eligible for getting processed by all BeanPostProcessors (for example: not eligible for auto-proxying)
2017-02-27 13:19:47.730  INFO 11219 --- [    Test worker] trationDelegate$BeanPostProcessorChecker : Bean 'validator' of type [class org.springframework.validation.beanvalidation.LocalValidatorFactoryBean] is not eligible for getting processed by all BeanPostProcessors (for example: not eligible for auto-proxying)
2017-02-27 13:19:47.800  INFO 11219 --- [    Test worker] trationDelegate$BeanPostProcessorChecker : Bean 'org.springframework.transaction.annotation.ProxyTransactionManagementConfiguration' of type [class org.springframework.transaction.annotation.ProxyTransactionManagementConfiguration$$EnhancerBySpringCGLIB$$e9a36744] is not eligible for getting processed by all BeanPostProcessors (for example: not eligible for auto-proxying)
2017-02-27 13:19:49.239  INFO 11219 --- [    Test worker] j.LocalContainerEntityManagerFactoryBean : Building JPA container EntityManagerFactory for persistence unit 'default'
2017-02-27 13:19:49.270  INFO 11219 --- [    Test worker] o.hibernate.jpa.internal.util.LogHelper  : HHH000204: Processing PersistenceUnitInfo [
	name: default
	...]
2017-02-27 13:19:49.421  INFO 11219 --- [    Test worker] org.hibernate.Version                    : HHH000412: Hibernate Core {5.0.11.Final}
2017-02-27 13:19:49.425  INFO 11219 --- [    Test worker] org.hibernate.cfg.Environment            : HHH000206: hibernate.properties not found
2017-02-27 13:19:49.428  INFO 11219 --- [    Test worker] org.hibernate.cfg.Environment            : HHH000021: Bytecode provider name : javassist
2017-02-27 13:19:49.526  INFO 11219 --- [    Test worker] o.hibernate.annotations.common.Version   : HCANN000001: Hibernate Commons Annotations {5.0.1.Final}
2017-02-27 13:19:49.813  INFO 11219 --- [    Test worker] org.hibernate.dialect.Dialect            : HHH000400: Using dialect: org.hibernate.dialect.MySQL5Dialect
2017-02-27 13:19:51.141  INFO 11219 --- [    Test worker] org.hibernate.tool.hbm2ddl.SchemaUpdate  : HHH000228: Running hbm2ddl schema update
2017-02-27 13:19:51.437  INFO 11219 --- [    Test worker] j.LocalContainerEntityManagerFactoryBean : Initialized JPA EntityManagerFactory for persistence unit 'default'
2017-02-27 13:19:54.129  INFO 11219 --- [    Test worker] o.s.s.web.DefaultSecurityFilterChain     : Creating filter chain: org.springframework.security.web.util.matcher.AnyRequestMatcher@1, [org.springframework.security.web.context.request.async.WebAsyncManagerIntegrationFilter@558704f, org.springframework.security.web.context.SecurityContextPersistenceFilter@2aa6c72c, org.springframework.security.web.header.HeaderWriterFilter@30038d73, org.springframework.security.web.authentication.logout.LogoutFilter@29e84c1a, org.springframework.security.web.authentication.UsernamePasswordAuthenticationFilter@54e2f6b7, org.springframework.security.web.savedrequest.RequestCacheAwareFilter@250307bc, org.springframework.security.web.servletapi.SecurityContextHolderAwareRequestFilter@1206abf1, org.springframework.security.web.authentication.AnonymousAuthenticationFilter@2e9e6c3e, org.springframework.security.web.session.SessionManagementFilter@53f9c0d, org.springframework.security.web.access.ExceptionTranslationFilter@62311ede, org.springframework.security.web.access.intercept.FilterSecurityInterceptor@2848c94a]
2017-02-27 13:19:54.879  INFO 11219 --- [    Test worker] s.w.s.m.m.a.RequestMappingHandlerAdapter : Looking for @ControllerAdvice: org.springframework.web.context.support.GenericWebApplicationContext@16fbdbcc: startup date [Mon Feb 27 13:19:44 CET 2017]; root of context hierarchy
2017-02-27 13:19:55.080  INFO 11219 --- [    Test worker] s.w.s.m.m.a.RequestMappingHandlerMapping : Mapped "{[/login],methods=[GET]}" onto public java.lang.String fr.learn.MvcController.login(org.springframework.ui.Model)
2017-02-27 13:19:55.083  INFO 11219 --- [    Test worker] s.w.s.m.m.a.RequestMappingHandlerMapping : Mapped "{[/],methods=[GET]}" onto public java.lang.String fr.learn.MvcController.index(org.springframework.ui.Model)
2017-02-27 13:19:55.085  INFO 11219 --- [    Test worker] s.w.s.m.m.a.RequestMappingHandlerMapping : Mapped "{[/resources/courses],methods=[GET]}" onto public java.util.List<fr.learn.dao.Course> fr.learn.course.CourseController.getAllCourses()
2017-02-27 13:19:55.086  INFO 11219 --- [    Test worker] s.w.s.m.m.a.RequestMappingHandlerMapping : Mapped "{[/resources/courses],methods=[POST]}" onto public boolean fr.learn.course.CourseController.addCourse(fr.learn.dao.Course)
2017-02-27 13:19:55.087  INFO 11219 --- [    Test worker] s.w.s.m.m.a.RequestMappingHandlerMapping : Mapped "{[/resources/courses/{idCourse}],methods=[PUT]}" onto public java.lang.Boolean fr.learn.course.CourseController.modifyCourses(fr.learn.dao.Course,java.lang.Long)
2017-02-27 13:19:55.088  INFO 11219 --- [    Test worker] s.w.s.m.m.a.RequestMappingHandlerMapping : Mapped "{[/resources/courses/{idCourse}],methods=[DELETE]}" onto public boolean fr.learn.course.CourseController.deleteCourse(java.lang.Long)
2017-02-27 13:19:55.089  INFO 11219 --- [    Test worker] s.w.s.m.m.a.RequestMappingHandlerMapping : Mapped "{[/resources/courses/{idCourse}],methods=[GET]}" onto public fr.learn.dao.Course fr.learn.course.CourseController.getCourse(java.lang.Long)
2017-02-27 13:19:55.091  INFO 11219 --- [    Test worker] s.w.s.m.m.a.RequestMappingHandlerMapping : Mapped "{[/resources/courses/{idCourse}/lessons/{idLesson}/exercises/{idExercise}],methods=[DELETE]}" onto public boolean fr.learn.exercise.ExerciseController.deleteExercise(java.lang.Long)
2017-02-27 13:19:55.092  INFO 11219 --- [    Test worker] s.w.s.m.m.a.RequestMappingHandlerMapping : Mapped "{[/resources/courses/{idCourse}/lessons/{idLesson}/exercises],methods=[GET]}" onto public java.util.List<fr.learn.dao.Exercise> fr.learn.exercise.ExerciseController.getAllExercisesOfLesson(java.lang.Long)
2017-02-27 13:19:55.093  INFO 11219 --- [    Test worker] s.w.s.m.m.a.RequestMappingHandlerMapping : Mapped "{[/resources/courses/{idCourse}/lessons/{idLesson}/exercises/{idExercise}],methods=[GET]}" onto public fr.learn.dao.Exercise fr.learn.exercise.ExerciseController.getExerciseById(java.lang.Long)
2017-02-27 13:19:55.094  INFO 11219 --- [    Test worker] s.w.s.m.m.a.RequestMappingHandlerMapping : Mapped "{[/resources/courses/{idCourse}/lessons/{idLesson}/exercises],methods=[POST]}" onto public boolean fr.learn.exercise.ExerciseController.addExercise(java.lang.Long,fr.learn.dao.Exercise)
2017-02-27 13:19:55.095  INFO 11219 --- [    Test worker] s.w.s.m.m.a.RequestMappingHandlerMapping : Mapped "{[/resources/courses/{idCourse}/lessons/{idLesson}/exercises/{idExercise}],methods=[PUT]}" onto public boolean fr.learn.exercise.ExerciseController.updateExercise(java.lang.Long,fr.learn.dao.Exercise)
2017-02-27 13:19:55.100  INFO 11219 --- [    Test worker] s.w.s.m.m.a.RequestMappingHandlerMapping : Mapped "{[/resources/courses/{idCourse}/lessons/{idLesson}],methods=[GET]}" onto public fr.learn.dao.Lesson fr.learn.lesson.LessonController.getLesson(java.lang.Long)
2017-02-27 13:19:55.100  INFO 11219 --- [    Test worker] s.w.s.m.m.a.RequestMappingHandlerMapping : Mapped "{[/resources/courses/{idCourse}/lessons],methods=[GET]}" onto public java.util.List<fr.learn.dao.Lesson> fr.learn.lesson.LessonController.getAllLessonsOfCourse(java.lang.Long)
2017-02-27 13:19:55.101  INFO 11219 --- [    Test worker] s.w.s.m.m.a.RequestMappingHandlerMapping : Mapped "{[/resources/courses/{idCourse}/lessons],methods=[POST]}" onto public boolean fr.learn.lesson.LessonController.addLesson(java.lang.Long,fr.learn.dao.Lesson)
2017-02-27 13:19:55.101  INFO 11219 --- [    Test worker] s.w.s.m.m.a.RequestMappingHandlerMapping : Mapped "{[/resources/courses/{idCourse}/lessons/{idLesson}],methods=[DELETE]}" onto public boolean fr.learn.lesson.LessonController.deleteLesson(java.lang.Long)
2017-02-27 13:19:55.101  INFO 11219 --- [    Test worker] s.w.s.m.m.a.RequestMappingHandlerMapping : Mapped "{[/resources/courses/{idCourse}/lessons/{idLesson}],methods=[PUT]}" onto public boolean fr.learn.lesson.LessonController.updateLesson(java.lang.Long,fr.learn.dao.Lesson)
2017-02-27 13:19:55.103  INFO 11219 --- [    Test worker] s.w.s.m.m.a.RequestMappingHandlerMapping : Mapped "{[/resources/members/{idMember}],methods=[GET]}" onto public fr.learn.dao.Member fr.learn.member.MemberController.getMember(long)
2017-02-27 13:19:55.103  INFO 11219 --- [    Test worker] s.w.s.m.m.a.RequestMappingHandlerMapping : Mapped "{[/resources/members],methods=[POST]}" onto public void fr.learn.member.MemberController.registerMember(fr.learn.dao.Member)
2017-02-27 13:19:55.104  INFO 11219 --- [    Test worker] s.w.s.m.m.a.RequestMappingHandlerMapping : Mapped "{[/resources/members],methods=[GET]}" onto public java.util.List<fr.learn.dao.Member> fr.learn.member.MemberController.getAllMembers()
2017-02-27 13:19:55.104  INFO 11219 --- [    Test worker] s.w.s.m.m.a.RequestMappingHandlerMapping : Mapped "{[/resources/members/{idMember}],methods=[DELETE]}" onto public void fr.learn.member.MemberController.deleteMember(long)
2017-02-27 13:19:55.104  INFO 11219 --- [    Test worker] s.w.s.m.m.a.RequestMappingHandlerMapping : Mapped "{[/resources/members/{idMember}],methods=[PUT]}" onto public void fr.learn.member.MemberController.updateMember(java.lang.Long,fr.learn.dao.Member)
2017-02-27 13:19:55.108  INFO 11219 --- [    Test worker] s.w.s.m.m.a.RequestMappingHandlerMapping : Mapped "{[/error],produces=[text/html]}" onto public org.springframework.web.servlet.ModelAndView org.springframework.boot.autoconfigure.web.BasicErrorController.errorHtml(javax.servlet.http.HttpServletRequest,javax.servlet.http.HttpServletResponse)
2017-02-27 13:19:55.109  INFO 11219 --- [    Test worker] s.w.s.m.m.a.RequestMappingHandlerMapping : Mapped "{[/error]}" onto public org.springframework.http.ResponseEntity<java.util.Map<java.lang.String, java.lang.Object>> org.springframework.boot.autoconfigure.web.BasicErrorController.error(javax.servlet.http.HttpServletRequest)
2017-02-27 13:19:55.247  INFO 11219 --- [    Test worker] o.s.w.s.handler.SimpleUrlHandlerMapping  : Mapped URL path [/webjars/**] onto handler of type [class org.springframework.web.servlet.resource.ResourceHttpRequestHandler]
2017-02-27 13:19:55.249  INFO 11219 --- [    Test worker] o.s.w.s.handler.SimpleUrlHandlerMapping  : Mapped URL path [/**] onto handler of type [class org.springframework.web.servlet.resource.ResourceHttpRequestHandler]
2017-02-27 13:19:55.369  INFO 11219 --- [    Test worker] o.s.w.s.handler.SimpleUrlHandlerMapping  : Mapped URL path [/**/favicon.ico] onto handler of type [class org.springframework.web.servlet.resource.ResourceHttpRequestHandler]
2017-02-27 13:19:56.165  INFO 11219 --- [    Test worker] fr.learn.LearnApplicationTests           : Started LearnApplicationTests in 12.713 seconds (JVM running for 14.687)
]]></system-out>
  <system-err><![CDATA[]]></system-err>
</testsuite>
