<?xml version="1.0" encoding="UTF-8"?>
<testsuite name="fr.learn.LearnApplicationTests" tests="1" skipped="0" failures="0" errors="0" timestamp="2017-02-27T13:23:16" hostname="ider-Inspiron-3542" time="0.877">
  <properties/>
  <testcase name="contextLoads" classname="fr.learn.LearnApplicationTests" time="0.877"/>
  <system-out><![CDATA[14:22:55.259 [Test worker] DEBUG org.springframework.test.context.junit4.SpringJUnit4ClassRunner - SpringJUnit4ClassRunner constructor called with [class fr.learn.LearnApplicationTests]
14:22:55.268 [Test worker] DEBUG org.springframework.test.context.BootstrapUtils - Instantiating CacheAwareContextLoaderDelegate from class [org.springframework.test.context.cache.DefaultCacheAwareContextLoaderDelegate]
14:22:55.324 [Test worker] DEBUG org.springframework.test.context.BootstrapUtils - Instantiating BootstrapContext using constructor [public org.springframework.test.context.support.DefaultBootstrapContext(java.lang.Class,org.springframework.test.context.CacheAwareContextLoaderDelegate)]
14:22:55.358 [Test worker] DEBUG org.springframework.test.context.BootstrapUtils - Instantiating TestContextBootstrapper for test class [fr.learn.LearnApplicationTests] from class [org.springframework.boot.test.context.SpringBootTestContextBootstrapper]
14:22:55.524 [Test worker] INFO org.springframework.boot.test.context.SpringBootTestContextBootstrapper - Neither @ContextConfiguration nor @ContextHierarchy found for test class [fr.learn.LearnApplicationTests], using SpringBootContextLoader
14:22:55.531 [Test worker] DEBUG org.springframework.test.context.support.AbstractContextLoader - Did not detect default resource location for test class [fr.learn.LearnApplicationTests]: class path resource [fr/learn/LearnApplicationTests-context.xml] does not exist
14:22:55.532 [Test worker] DEBUG org.springframework.test.context.support.AbstractContextLoader - Did not detect default resource location for test class [fr.learn.LearnApplicationTests]: class path resource [fr/learn/LearnApplicationTestsContext.groovy] does not exist
14:22:55.532 [Test worker] INFO org.springframework.test.context.support.AbstractContextLoader - Could not detect default resource locations for test class [fr.learn.LearnApplicationTests]: no resource found for suffixes {-context.xml, Context.groovy}.
14:22:55.535 [Test worker] INFO org.springframework.test.context.support.AnnotationConfigContextLoaderUtils - Could not detect default configuration classes for test class [fr.learn.LearnApplicationTests]: LearnApplicationTests does not declare any static, non-private, non-final, nested classes annotated with @Configuration.
14:22:55.819 [Test worker] DEBUG org.springframework.test.context.support.ActiveProfilesUtils - Could not find an 'annotation declaring class' for annotation type [org.springframework.test.context.ActiveProfiles] and class [fr.learn.LearnApplicationTests]
14:22:55.837 [Test worker] DEBUG org.springframework.core.env.StandardEnvironment - Adding [systemProperties] PropertySource with lowest search precedence
14:22:55.838 [Test worker] DEBUG org.springframework.core.env.StandardEnvironment - Adding [systemEnvironment] PropertySource with lowest search precedence
14:22:55.839 [Test worker] DEBUG org.springframework.core.env.StandardEnvironment - Initialized StandardEnvironment with PropertySources [systemProperties,systemEnvironment]
14:22:55.857 [Test worker] DEBUG org.springframework.core.io.support.PathMatchingResourcePatternResolver - Resolved classpath location [fr/learn/] to resources [URL [file:/media/ider/disque%20local/workSpace/java/java%20jee/learn/build/classes/test/fr/learn/], URL [file:/media/ider/disque%20local/workSpace/java/java%20jee/learn/build/classes/main/fr/learn/]]
14:22:55.858 [Test worker] DEBUG org.springframework.core.io.support.PathMatchingResourcePatternResolver - Looking for matching resources in directory tree [/media/ider/disque local/workSpace/java/java jee/learn/build/classes/test/fr/learn]
14:22:55.860 [Test worker] DEBUG org.springframework.core.io.support.PathMatchingResourcePatternResolver - Searching directory [/media/ider/disque local/workSpace/java/java jee/learn/build/classes/test/fr/learn] for files matching pattern [/media/ider/disque local/workSpace/java/java jee/learn/build/classes/test/fr/learn/*.class]
14:22:55.865 [Test worker] DEBUG org.springframework.core.io.support.PathMatchingResourcePatternResolver - Looking for matching resources in directory tree [/media/ider/disque local/workSpace/java/java jee/learn/build/classes/main/fr/learn]
14:22:55.866 [Test worker] DEBUG org.springframework.core.io.support.PathMatchingResourcePatternResolver - Searching directory [/media/ider/disque local/workSpace/java/java jee/learn/build/classes/main/fr/learn] for files matching pattern [/media/ider/disque local/workSpace/java/java jee/learn/build/classes/main/fr/learn/*.class]
14:22:55.869 [Test worker] DEBUG org.springframework.core.io.support.PathMatchingResourcePatternResolver - Resolved location pattern [classpath*:fr/learn/*.class] to resources [file [/media/ider/disque local/workSpace/java/java jee/learn/build/classes/test/fr/learn/LearnApplicationTests.class], file [/media/ider/disque local/workSpace/java/java jee/learn/build/classes/main/fr/learn/LearnApplication.class], file [/media/ider/disque local/workSpace/java/java jee/learn/build/classes/main/fr/learn/SecurityConfig.class]]
14:22:55.963 [Test worker] DEBUG org.springframework.context.annotation.ClassPathScanningCandidateComponentProvider - Identified candidate component class: file [/media/ider/disque local/workSpace/java/java jee/learn/build/classes/main/fr/learn/LearnApplication.class]
14:22:55.978 [Test worker] INFO org.springframework.boot.test.context.SpringBootTestContextBootstrapper - Found @SpringBootConfiguration fr.learn.LearnApplication for test class fr.learn.LearnApplicationTests
14:22:55.986 [Test worker] DEBUG org.springframework.boot.test.context.SpringBootTestContextBootstrapper - @TestExecutionListeners is not present for class [fr.learn.LearnApplicationTests]: using defaults.
14:22:55.994 [Test worker] INFO org.springframework.boot.test.context.SpringBootTestContextBootstrapper - Loaded default TestExecutionListener class names from location [META-INF/spring.factories]: [org.springframework.boot.test.mock.mockito.MockitoTestExecutionListener, org.springframework.boot.test.mock.mockito.ResetMocksTestExecutionListener, org.springframework.boot.test.autoconfigure.restdocs.RestDocsTestExecutionListener, org.springframework.boot.test.autoconfigure.web.client.MockRestServiceServerResetTestExecutionListener, org.springframework.boot.test.autoconfigure.web.servlet.MockMvcPrintOnlyOnFailureTestExecutionListener, org.springframework.boot.test.autoconfigure.web.servlet.WebDriverTestExecutionListener, org.springframework.test.context.web.ServletTestExecutionListener, org.springframework.test.context.support.DirtiesContextBeforeModesTestExecutionListener, org.springframework.test.context.support.DependencyInjectionTestExecutionListener, org.springframework.test.context.support.DirtiesContextTestExecutionListener, org.springframework.test.context.transaction.TransactionalTestExecutionListener, org.springframework.test.context.jdbc.SqlScriptsTestExecutionListener]
14:22:56.121 [Test worker] INFO org.springframework.boot.test.context.SpringBootTestContextBootstrapper - Using TestExecutionListeners: [org.springframework.test.context.web.ServletTestExecutionListener@78a5d6e2, org.springframework.test.context.support.DirtiesContextBeforeModesTestExecutionListener@3aeeef64, org.springframework.boot.test.autoconfigure.SpringBootDependencyInjectionTestExecutionListener@5421550b, org.springframework.test.context.support.DirtiesContextTestExecutionListener@4b3568b3, org.springframework.test.context.transaction.TransactionalTestExecutionListener@1df1a5f1, org.springframework.test.context.jdbc.SqlScriptsTestExecutionListener@50a9fce4, org.springframework.boot.test.autoconfigure.web.servlet.MockMvcPrintOnlyOnFailureTestExecutionListener@e7e62f7, org.springframework.boot.test.mock.mockito.ResetMocksTestExecutionListener@6e6ef37b, org.springframework.boot.test.mock.mockito.MockitoTestExecutionListener@7e201d6a, org.springframework.boot.test.autoconfigure.web.client.MockRestServiceServerResetTestExecutionListener@61f18096, org.springframework.boot.test.autoconfigure.web.servlet.WebDriverTestExecutionListener@1ce52f85, org.springframework.boot.test.autoconfigure.restdocs.RestDocsTestExecutionListener@589e249]
14:22:56.155 [Test worker] DEBUG org.springframework.test.annotation.ProfileValueUtils - Retrieved @ProfileValueSourceConfiguration [null] for test class [fr.learn.LearnApplicationTests]
14:22:56.156 [Test worker] DEBUG org.springframework.test.annotation.ProfileValueUtils - Retrieved ProfileValueSource type [class org.springframework.test.annotation.SystemProfileValueSource] for class [fr.learn.LearnApplicationTests]
14:22:56.157 [Test worker] DEBUG org.springframework.test.annotation.ProfileValueUtils - Retrieved @ProfileValueSourceConfiguration [null] for test class [fr.learn.LearnApplicationTests]
14:22:56.158 [Test worker] DEBUG org.springframework.test.annotation.ProfileValueUtils - Retrieved ProfileValueSource type [class org.springframework.test.annotation.SystemProfileValueSource] for class [fr.learn.LearnApplicationTests]
14:22:56.166 [Test worker] DEBUG org.springframework.test.context.support.AbstractDirtiesContextTestExecutionListener - Before test class: context [DefaultTestContext@742c745f testClass = LearnApplicationTests, testInstance = [null], testMethod = [null], testException = [null], mergedContextConfiguration = [WebMergedContextConfiguration@66d3cf8b testClass = LearnApplicationTests, locations = '{}', classes = '{class fr.learn.LearnApplication}', contextInitializerClasses = '[]', activeProfiles = '{}', propertySourceLocations = '{}', propertySourceProperties = '{org.springframework.boot.test.context.SpringBootTestContextBootstrapper=true}', contextCustomizers = set[org.springframework.boot.test.context.SpringBootTestContextCustomizer@59b3a9a1, org.springframework.boot.test.context.filter.ExcludeFilterContextCustomizer@459158e2, org.springframework.boot.test.mock.mockito.MockitoContextCustomizer@0, org.springframework.boot.test.autoconfigure.properties.PropertyMappingContextCustomizer@0, org.springframework.boot.test.autoconfigure.web.servlet.WebDriverContextCustomizerFactory$Customizer@30e4558], resourceBasePath = 'src/main/webapp', contextLoader = 'org.springframework.boot.test.context.SpringBootContextLoader', parent = [null]]], class annotated with @DirtiesContext [false] with mode [null].
14:22:56.167 [Test worker] DEBUG org.springframework.test.annotation.ProfileValueUtils - Retrieved @ProfileValueSourceConfiguration [null] for test class [fr.learn.LearnApplicationTests]
14:22:56.167 [Test worker] DEBUG org.springframework.test.annotation.ProfileValueUtils - Retrieved ProfileValueSource type [class org.springframework.test.annotation.SystemProfileValueSource] for class [fr.learn.LearnApplicationTests]
14:22:56.391 [Test worker] DEBUG org.springframework.core.env.StandardEnvironment - Adding [systemProperties] PropertySource with lowest search precedence
14:22:56.392 [Test worker] DEBUG org.springframework.core.env.StandardEnvironment - Adding [systemEnvironment] PropertySource with lowest search precedence
14:22:56.392 [Test worker] DEBUG org.springframework.core.env.StandardEnvironment - Initialized StandardEnvironment with PropertySources [systemProperties,systemEnvironment]
14:22:56.394 [Test worker] DEBUG org.springframework.core.env.MutablePropertySources - Adding [inline] PropertySource with highest search precedence
14:22:56.406 [Test worker] DEBUG org.springframework.test.context.support.TestPropertySourceUtils - Adding inlined properties to environment: {spring.jmx.enabled=false, org.springframework.boot.test.context.SpringBootTestContextBootstrapper=true, server.port=-1}
14:22:56.406 [Test worker] DEBUG org.springframework.core.env.StandardEnvironment - Adding [Inlined Test Properties] PropertySource with highest search precedence

  .   ____          _            __ _ _
 /\\ / ___'_ __ _ _(_)_ __  __ _ \ \ \ \
( ( )\___ | '_ | '_| | '_ \/ _` | \ \ \ \
 \\/  ___)| |_)| | | | | || (_| |  ) ) ) )
  '  |____| .__|_| |_|_| |_\__, | / / / /
 =========|_|==============|___/=/_/_/_/
 :: Spring Boot ::        (v1.5.1.RELEASE)

2017-02-27 14:22:57.149  INFO 12954 --- [    Test worker] fr.learn.LearnApplicationTests           : Starting LearnApplicationTests on ider-Inspiron-3542 with PID 12954 (started by ider in /media/ider/disque local/workSpace/java/java jee/learn)
2017-02-27 14:22:57.151  INFO 12954 --- [    Test worker] fr.learn.LearnApplicationTests           : No active profile set, falling back to default profiles: default
2017-02-27 14:22:57.311  INFO 12954 --- [    Test worker] o.s.w.c.s.GenericWebApplicationContext   : Refreshing org.springframework.web.context.support.GenericWebApplicationContext@6728bedf: startup date [Mon Feb 27 14:22:57 CET 2017]; root of context hierarchy
2017-02-27 14:22:59.375  INFO 12954 --- [    Test worker] o.s.b.f.s.DefaultListableBeanFactory     : Overriding bean definition for bean 'bCryptPasswordEncoder' with a different definition: replacing [Root bean: class [null]; scope=; abstract=false; lazyInit=false; autowireMode=3; dependencyCheck=0; autowireCandidate=true; primary=false; factoryBeanName=securityConfig; factoryMethodName=bCryptPasswordEncoder; initMethodName=null; destroyMethodName=(inferred); defined in class path resource [fr/learn/SecurityConfig.class]] with [Root bean: class [null]; scope=; abstract=false; lazyInit=false; autowireMode=3; dependencyCheck=0; autowireCandidate=true; primary=false; factoryBeanName=memberService; factoryMethodName=bCryptPasswordEncoder; initMethodName=null; destroyMethodName=(inferred); defined in class path resource [fr/learn/member/MemberService.class]]
2017-02-27 14:23:02.615  INFO 12954 --- [    Test worker] trationDelegate$BeanPostProcessorChecker : Bean 'org.springframework.boot.autoconfigure.validation.ValidationAutoConfiguration' of type [class org.springframework.boot.autoconfigure.validation.ValidationAutoConfiguration] is not eligible for getting processed by all BeanPostProcessors (for example: not eligible for auto-proxying)
2017-02-27 14:23:03.337  INFO 12954 --- [    Test worker] trationDelegate$BeanPostProcessorChecker : Bean 'validator' of type [class org.springframework.validation.beanvalidation.LocalValidatorFactoryBean] is not eligible for getting processed by all BeanPostProcessors (for example: not eligible for auto-proxying)
2017-02-27 14:23:03.389  INFO 12954 --- [    Test worker] trationDelegate$BeanPostProcessorChecker : Bean 'org.springframework.transaction.annotation.ProxyTransactionManagementConfiguration' of type [class org.springframework.transaction.annotation.ProxyTransactionManagementConfiguration$$EnhancerBySpringCGLIB$$a1759c31] is not eligible for getting processed by all BeanPostProcessors (for example: not eligible for auto-proxying)
2017-02-27 14:23:06.017  INFO 12954 --- [    Test worker] j.LocalContainerEntityManagerFactoryBean : Building JPA container EntityManagerFactory for persistence unit 'default'
2017-02-27 14:23:06.050  INFO 12954 --- [    Test worker] o.hibernate.jpa.internal.util.LogHelper  : HHH000204: Processing PersistenceUnitInfo [
	name: default
	...]
2017-02-27 14:23:06.215  INFO 12954 --- [    Test worker] org.hibernate.Version                    : HHH000412: Hibernate Core {5.0.11.Final}
2017-02-27 14:23:06.218  INFO 12954 --- [    Test worker] org.hibernate.cfg.Environment            : HHH000206: hibernate.properties not found
2017-02-27 14:23:06.221  INFO 12954 --- [    Test worker] org.hibernate.cfg.Environment            : HHH000021: Bytecode provider name : javassist
2017-02-27 14:23:06.499  INFO 12954 --- [    Test worker] o.hibernate.annotations.common.Version   : HCANN000001: Hibernate Commons Annotations {5.0.1.Final}
2017-02-27 14:23:06.862  INFO 12954 --- [    Test worker] org.hibernate.dialect.Dialect            : HHH000400: Using dialect: org.hibernate.dialect.MySQL5Dialect
2017-02-27 14:23:08.155  INFO 12954 --- [    Test worker] org.hibernate.tool.hbm2ddl.SchemaUpdate  : HHH000228: Running hbm2ddl schema update
2017-02-27 14:23:09.407  INFO 12954 --- [    Test worker] j.LocalContainerEntityManagerFactoryBean : Initialized JPA EntityManagerFactory for persistence unit 'default'
2017-02-27 14:23:13.138  INFO 12954 --- [    Test worker] o.s.s.web.DefaultSecurityFilterChain     : Creating filter chain: org.springframework.security.web.util.matcher.AnyRequestMatcher@1, [org.springframework.security.web.context.request.async.WebAsyncManagerIntegrationFilter@7fca32ad, org.springframework.security.web.context.SecurityContextPersistenceFilter@34875f20, org.springframework.security.web.header.HeaderWriterFilter@769f582f, org.springframework.security.web.authentication.logout.LogoutFilter@7d3a6d0, org.springframework.security.web.authentication.UsernamePasswordAuthenticationFilter@6964048b, org.springframework.security.web.savedrequest.RequestCacheAwareFilter@2b1613db, org.springframework.security.web.servletapi.SecurityContextHolderAwareRequestFilter@1f841b38, org.springframework.security.web.authentication.AnonymousAuthenticationFilter@41452794, org.springframework.security.web.session.SessionManagementFilter@2c54b6c9, org.springframework.security.web.access.ExceptionTranslationFilter@759f6d8b, org.springframework.security.web.access.intercept.FilterSecurityInterceptor@7ba98193]
2017-02-27 14:23:14.253  INFO 12954 --- [    Test worker] s.w.s.m.m.a.RequestMappingHandlerAdapter : Looking for @ControllerAdvice: org.springframework.web.context.support.GenericWebApplicationContext@6728bedf: startup date [Mon Feb 27 14:22:57 CET 2017]; root of context hierarchy
2017-02-27 14:23:14.477  INFO 12954 --- [    Test worker] s.w.s.m.m.a.RequestMappingHandlerMapping : Mapped "{[/resources/courses],methods=[GET]}" onto public java.util.List<fr.learn.dao.Course> fr.learn.course.CourseController.getAllCourses()
2017-02-27 14:23:14.482  INFO 12954 --- [    Test worker] s.w.s.m.m.a.RequestMappingHandlerMapping : Mapped "{[/resources/courses],methods=[POST]}" onto public boolean fr.learn.course.CourseController.addCourse(fr.learn.dao.Course)
2017-02-27 14:23:14.483  INFO 12954 --- [    Test worker] s.w.s.m.m.a.RequestMappingHandlerMapping : Mapped "{[/resources/courses/{idCourse}],methods=[PUT]}" onto public java.lang.Boolean fr.learn.course.CourseController.modifyCourses(fr.learn.dao.Course,java.lang.Long)
2017-02-27 14:23:14.485  INFO 12954 --- [    Test worker] s.w.s.m.m.a.RequestMappingHandlerMapping : Mapped "{[/resources/courses/{idCourse}],methods=[DELETE]}" onto public boolean fr.learn.course.CourseController.deleteCourse(java.lang.Long)
2017-02-27 14:23:14.486  INFO 12954 --- [    Test worker] s.w.s.m.m.a.RequestMappingHandlerMapping : Mapped "{[/resources/courses/{idCourse}],methods=[GET]}" onto public fr.learn.dao.Course fr.learn.course.CourseController.getCourse(java.lang.Long)
2017-02-27 14:23:14.488  INFO 12954 --- [    Test worker] s.w.s.m.m.a.RequestMappingHandlerMapping : Mapped "{[/resources/courses/{idCourse}/lessons/{idLesson}/exercises/{idExercise}],methods=[DELETE]}" onto public boolean fr.learn.exercise.ExerciseController.deleteExercise(java.lang.Long)
2017-02-27 14:23:14.489  INFO 12954 --- [    Test worker] s.w.s.m.m.a.RequestMappingHandlerMapping : Mapped "{[/resources/courses/{idCourse}/lessons/{idLesson}/exercises],methods=[GET]}" onto public java.util.List<fr.learn.dao.Exercise> fr.learn.exercise.ExerciseController.getAllExercisesOfLesson(java.lang.Long)
2017-02-27 14:23:14.490  INFO 12954 --- [    Test worker] s.w.s.m.m.a.RequestMappingHandlerMapping : Mapped "{[/resources/courses/{idCourse}/lessons/{idLesson}/exercises/{idExercise}],methods=[GET]}" onto public fr.learn.dao.Exercise fr.learn.exercise.ExerciseController.getExerciseById(java.lang.Long)
2017-02-27 14:23:14.491  INFO 12954 --- [    Test worker] s.w.s.m.m.a.RequestMappingHandlerMapping : Mapped "{[/resources/courses/{idCourse}/lessons/{idLesson}/exercises],methods=[POST]}" onto public boolean fr.learn.exercise.ExerciseController.addExercise(java.lang.Long,fr.learn.dao.Exercise)
2017-02-27 14:23:14.492  INFO 12954 --- [    Test worker] s.w.s.m.m.a.RequestMappingHandlerMapping : Mapped "{[/resources/courses/{idCourse}/lessons/{idLesson}/exercises/{idExercise}],methods=[PUT]}" onto public boolean fr.learn.exercise.ExerciseController.updateExercise(java.lang.Long,fr.learn.dao.Exercise)
2017-02-27 14:23:14.495  INFO 12954 --- [    Test worker] s.w.s.m.m.a.RequestMappingHandlerMapping : Mapped "{[/resources/courses/{idCourse}/lessons/{idLesson}],methods=[GET]}" onto public fr.learn.dao.Lesson fr.learn.lesson.LessonController.getLesson(java.lang.Long)
2017-02-27 14:23:14.497  INFO 12954 --- [    Test worker] s.w.s.m.m.a.RequestMappingHandlerMapping : Mapped "{[/resources/courses/{idCourse}/lessons],methods=[GET]}" onto public java.util.List<fr.learn.dao.Lesson> fr.learn.lesson.LessonController.getAllLessonsOfCourse(java.lang.Long)
2017-02-27 14:23:14.498  INFO 12954 --- [    Test worker] s.w.s.m.m.a.RequestMappingHandlerMapping : Mapped "{[/resources/courses/{idCourse}/lessons],methods=[POST]}" onto public boolean fr.learn.lesson.LessonController.addLesson(java.lang.Long,fr.learn.dao.Lesson)
2017-02-27 14:23:14.499  INFO 12954 --- [    Test worker] s.w.s.m.m.a.RequestMappingHandlerMapping : Mapped "{[/resources/courses/{idCourse}/lessons/{idLesson}],methods=[DELETE]}" onto public boolean fr.learn.lesson.LessonController.deleteLesson(java.lang.Long)
2017-02-27 14:23:14.500  INFO 12954 --- [    Test worker] s.w.s.m.m.a.RequestMappingHandlerMapping : Mapped "{[/resources/courses/{idCourse}/lessons/{idLesson}],methods=[PUT]}" onto public boolean fr.learn.lesson.LessonController.updateLesson(java.lang.Long,fr.learn.dao.Lesson)
2017-02-27 14:23:14.505  INFO 12954 --- [    Test worker] s.w.s.m.m.a.RequestMappingHandlerMapping : Mapped "{[/resources/members/{idMember}],methods=[GET]}" onto public fr.learn.dao.Member fr.learn.member.MemberController.getMember(long)
2017-02-27 14:23:14.506  INFO 12954 --- [    Test worker] s.w.s.m.m.a.RequestMappingHandlerMapping : Mapped "{[/resources/members],methods=[POST]}" onto public void fr.learn.member.MemberController.registerMember(fr.learn.dao.Member)
2017-02-27 14:23:14.507  INFO 12954 --- [    Test worker] s.w.s.m.m.a.RequestMappingHandlerMapping : Mapped "{[/resources/members],methods=[GET]}" onto public java.util.List<fr.learn.dao.Member> fr.learn.member.MemberController.getAllMembers()
2017-02-27 14:23:14.508  INFO 12954 --- [    Test worker] s.w.s.m.m.a.RequestMappingHandlerMapping : Mapped "{[/resources/members/{idMember}],methods=[DELETE]}" onto public void fr.learn.member.MemberController.deleteMember(long)
2017-02-27 14:23:14.509  INFO 12954 --- [    Test worker] s.w.s.m.m.a.RequestMappingHandlerMapping : Mapped "{[/resources/members/{idMember}],methods=[PUT]}" onto public void fr.learn.member.MemberController.updateMember(java.lang.Long,fr.learn.dao.Member)
2017-02-27 14:23:14.514  INFO 12954 --- [    Test worker] s.w.s.m.m.a.RequestMappingHandlerMapping : Mapped "{[/error],produces=[text/html]}" onto public org.springframework.web.servlet.ModelAndView org.springframework.boot.autoconfigure.web.BasicErrorController.errorHtml(javax.servlet.http.HttpServletRequest,javax.servlet.http.HttpServletResponse)
2017-02-27 14:23:14.516  INFO 12954 --- [    Test worker] s.w.s.m.m.a.RequestMappingHandlerMapping : Mapped "{[/error]}" onto public org.springframework.http.ResponseEntity<java.util.Map<java.lang.String, java.lang.Object>> org.springframework.boot.autoconfigure.web.BasicErrorController.error(javax.servlet.http.HttpServletRequest)
2017-02-27 14:23:14.623  INFO 12954 --- [    Test worker] o.s.w.s.handler.SimpleUrlHandlerMapping  : Mapped URL path [/webjars/**] onto handler of type [class org.springframework.web.servlet.resource.ResourceHttpRequestHandler]
2017-02-27 14:23:14.624  INFO 12954 --- [    Test worker] o.s.w.s.handler.SimpleUrlHandlerMapping  : Mapped URL path [/**] onto handler of type [class org.springframework.web.servlet.resource.ResourceHttpRequestHandler]
2017-02-27 14:23:14.753  INFO 12954 --- [    Test worker] o.s.w.s.handler.SimpleUrlHandlerMapping  : Mapped URL path [/**/favicon.ico] onto handler of type [class org.springframework.web.servlet.resource.ResourceHttpRequestHandler]
2017-02-27 14:23:14.952  INFO 12954 --- [    Test worker] oConfiguration$WelcomePageHandlerMapping : Adding welcome page: ServletContext resource [/index.html]
2017-02-27 14:23:15.819  INFO 12954 --- [    Test worker] fr.learn.LearnApplicationTests           : Started LearnApplicationTests in 19.349 seconds (JVM running for 23.11)
]]></system-out>
  <system-err><![CDATA[]]></system-err>
</testsuite>
