<?xml version="1.0" encoding="UTF-8"?>
<testsuite name="fr.learn.LearnApplicationTests" tests="1" skipped="0" failures="0" errors="0" timestamp="2017-02-24T16:11:52" hostname="ider-Inspiron-3542" time="0.135">
  <properties/>
  <testcase name="contextLoads" classname="fr.learn.LearnApplicationTests" time="0.135"/>
  <system-out><![CDATA[17:11:32.853 [Test worker] DEBUG org.springframework.test.context.junit4.SpringJUnit4ClassRunner - SpringJUnit4ClassRunner constructor called with [class fr.learn.LearnApplicationTests]
17:11:32.866 [Test worker] DEBUG org.springframework.test.context.BootstrapUtils - Instantiating CacheAwareContextLoaderDelegate from class [org.springframework.test.context.cache.DefaultCacheAwareContextLoaderDelegate]
17:11:32.885 [Test worker] DEBUG org.springframework.test.context.BootstrapUtils - Instantiating BootstrapContext using constructor [public org.springframework.test.context.support.DefaultBootstrapContext(java.lang.Class,org.springframework.test.context.CacheAwareContextLoaderDelegate)]
17:11:32.916 [Test worker] DEBUG org.springframework.test.context.BootstrapUtils - Instantiating TestContextBootstrapper for test class [fr.learn.LearnApplicationTests] from class [org.springframework.boot.test.context.SpringBootTestContextBootstrapper]
17:11:32.955 [Test worker] INFO org.springframework.boot.test.context.SpringBootTestContextBootstrapper - Neither @ContextConfiguration nor @ContextHierarchy found for test class [fr.learn.LearnApplicationTests], using SpringBootContextLoader
17:11:32.967 [Test worker] DEBUG org.springframework.test.context.support.AbstractContextLoader - Did not detect default resource location for test class [fr.learn.LearnApplicationTests]: class path resource [fr/learn/LearnApplicationTests-context.xml] does not exist
17:11:32.969 [Test worker] DEBUG org.springframework.test.context.support.AbstractContextLoader - Did not detect default resource location for test class [fr.learn.LearnApplicationTests]: class path resource [fr/learn/LearnApplicationTestsContext.groovy] does not exist
17:11:32.970 [Test worker] INFO org.springframework.test.context.support.AbstractContextLoader - Could not detect default resource locations for test class [fr.learn.LearnApplicationTests]: no resource found for suffixes {-context.xml, Context.groovy}.
17:11:32.974 [Test worker] INFO org.springframework.test.context.support.AnnotationConfigContextLoaderUtils - Could not detect default configuration classes for test class [fr.learn.LearnApplicationTests]: LearnApplicationTests does not declare any static, non-private, non-final, nested classes annotated with @Configuration.
17:11:33.085 [Test worker] DEBUG org.springframework.test.context.support.ActiveProfilesUtils - Could not find an 'annotation declaring class' for annotation type [org.springframework.test.context.ActiveProfiles] and class [fr.learn.LearnApplicationTests]
17:11:33.113 [Test worker] DEBUG org.springframework.core.env.StandardEnvironment - Adding [systemProperties] PropertySource with lowest search precedence
17:11:33.116 [Test worker] DEBUG org.springframework.core.env.StandardEnvironment - Adding [systemEnvironment] PropertySource with lowest search precedence
17:11:33.116 [Test worker] DEBUG org.springframework.core.env.StandardEnvironment - Initialized StandardEnvironment with PropertySources [systemProperties,systemEnvironment]
17:11:33.149 [Test worker] DEBUG org.springframework.core.io.support.PathMatchingResourcePatternResolver - Resolved classpath location [fr/learn/] to resources [URL [file:/media/ider/disque%20local/workSpace/java/java%20jee/learn/build/classes/test/fr/learn/], URL [file:/media/ider/disque%20local/workSpace/java/java%20jee/learn/build/classes/main/fr/learn/]]
17:11:33.150 [Test worker] DEBUG org.springframework.core.io.support.PathMatchingResourcePatternResolver - Looking for matching resources in directory tree [/media/ider/disque local/workSpace/java/java jee/learn/build/classes/test/fr/learn]
17:11:33.151 [Test worker] DEBUG org.springframework.core.io.support.PathMatchingResourcePatternResolver - Searching directory [/media/ider/disque local/workSpace/java/java jee/learn/build/classes/test/fr/learn] for files matching pattern [/media/ider/disque local/workSpace/java/java jee/learn/build/classes/test/fr/learn/*.class]
17:11:33.165 [Test worker] DEBUG org.springframework.core.io.support.PathMatchingResourcePatternResolver - Looking for matching resources in directory tree [/media/ider/disque local/workSpace/java/java jee/learn/build/classes/main/fr/learn]
17:11:33.166 [Test worker] DEBUG org.springframework.core.io.support.PathMatchingResourcePatternResolver - Searching directory [/media/ider/disque local/workSpace/java/java jee/learn/build/classes/main/fr/learn] for files matching pattern [/media/ider/disque local/workSpace/java/java jee/learn/build/classes/main/fr/learn/*.class]
17:11:33.173 [Test worker] DEBUG org.springframework.core.io.support.PathMatchingResourcePatternResolver - Resolved location pattern [classpath*:fr/learn/*.class] to resources [file [/media/ider/disque local/workSpace/java/java jee/learn/build/classes/test/fr/learn/LearnApplicationTests.class], file [/media/ider/disque local/workSpace/java/java jee/learn/build/classes/main/fr/learn/LearnApplication.class], file [/media/ider/disque local/workSpace/java/java jee/learn/build/classes/main/fr/learn/MvcController.class], file [/media/ider/disque local/workSpace/java/java jee/learn/build/classes/main/fr/learn/SecurityConfig.class]]
17:11:33.281 [Test worker] DEBUG org.springframework.context.annotation.ClassPathScanningCandidateComponentProvider - Identified candidate component class: file [/media/ider/disque local/workSpace/java/java jee/learn/build/classes/main/fr/learn/LearnApplication.class]
17:11:33.302 [Test worker] INFO org.springframework.boot.test.context.SpringBootTestContextBootstrapper - Found @SpringBootConfiguration fr.learn.LearnApplication for test class fr.learn.LearnApplicationTests
17:11:33.310 [Test worker] DEBUG org.springframework.boot.test.context.SpringBootTestContextBootstrapper - @TestExecutionListeners is not present for class [fr.learn.LearnApplicationTests]: using defaults.
17:11:33.317 [Test worker] INFO org.springframework.boot.test.context.SpringBootTestContextBootstrapper - Loaded default TestExecutionListener class names from location [META-INF/spring.factories]: [org.springframework.boot.test.mock.mockito.MockitoTestExecutionListener, org.springframework.boot.test.mock.mockito.ResetMocksTestExecutionListener, org.springframework.boot.test.autoconfigure.restdocs.RestDocsTestExecutionListener, org.springframework.boot.test.autoconfigure.web.client.MockRestServiceServerResetTestExecutionListener, org.springframework.boot.test.autoconfigure.web.servlet.MockMvcPrintOnlyOnFailureTestExecutionListener, org.springframework.boot.test.autoconfigure.web.servlet.WebDriverTestExecutionListener, org.springframework.test.context.web.ServletTestExecutionListener, org.springframework.test.context.support.DirtiesContextBeforeModesTestExecutionListener, org.springframework.test.context.support.DependencyInjectionTestExecutionListener, org.springframework.test.context.support.DirtiesContextTestExecutionListener, org.springframework.test.context.transaction.TransactionalTestExecutionListener, org.springframework.test.context.jdbc.SqlScriptsTestExecutionListener]
17:11:33.360 [Test worker] INFO org.springframework.boot.test.context.SpringBootTestContextBootstrapper - Using TestExecutionListeners: [org.springframework.test.context.web.ServletTestExecutionListener@78a37d26, org.springframework.test.context.support.DirtiesContextBeforeModesTestExecutionListener@6bb9ca20, org.springframework.boot.test.autoconfigure.SpringBootDependencyInjectionTestExecutionListener@285ffaee, org.springframework.test.context.support.DirtiesContextTestExecutionListener@7a382103, org.springframework.test.context.transaction.TransactionalTestExecutionListener@1991292f, org.springframework.test.context.jdbc.SqlScriptsTestExecutionListener@3c5c18f7, org.springframework.boot.test.mock.mockito.ResetMocksTestExecutionListener@6b030d18, org.springframework.boot.test.autoconfigure.web.servlet.WebDriverTestExecutionListener@50880942, org.springframework.boot.test.autoconfigure.web.servlet.MockMvcPrintOnlyOnFailureTestExecutionListener@40409a2d, org.springframework.boot.test.mock.mockito.MockitoTestExecutionListener@1c87b972, org.springframework.boot.test.autoconfigure.restdocs.RestDocsTestExecutionListener@6f9f0c37, org.springframework.boot.test.autoconfigure.web.client.MockRestServiceServerResetTestExecutionListener@7fcdca9f]
17:11:33.365 [Test worker] DEBUG org.springframework.test.annotation.ProfileValueUtils - Retrieved @ProfileValueSourceConfiguration [null] for test class [fr.learn.LearnApplicationTests]
17:11:33.366 [Test worker] DEBUG org.springframework.test.annotation.ProfileValueUtils - Retrieved ProfileValueSource type [class org.springframework.test.annotation.SystemProfileValueSource] for class [fr.learn.LearnApplicationTests]
17:11:33.368 [Test worker] DEBUG org.springframework.test.annotation.ProfileValueUtils - Retrieved @ProfileValueSourceConfiguration [null] for test class [fr.learn.LearnApplicationTests]
17:11:33.368 [Test worker] DEBUG org.springframework.test.annotation.ProfileValueUtils - Retrieved ProfileValueSource type [class org.springframework.test.annotation.SystemProfileValueSource] for class [fr.learn.LearnApplicationTests]
17:11:33.377 [Test worker] DEBUG org.springframework.test.context.support.AbstractDirtiesContextTestExecutionListener - Before test class: context [DefaultTestContext@512bf61e testClass = LearnApplicationTests, testInstance = [null], testMethod = [null], testException = [null], mergedContextConfiguration = [WebMergedContextConfiguration@5b6e779e testClass = LearnApplicationTests, locations = '{}', classes = '{class fr.learn.LearnApplication}', contextInitializerClasses = '[]', activeProfiles = '{}', propertySourceLocations = '{}', propertySourceProperties = '{org.springframework.boot.test.context.SpringBootTestContextBootstrapper=true}', contextCustomizers = set[org.springframework.boot.test.context.SpringBootTestContextCustomizer@2ff538b, org.springframework.boot.test.context.filter.ExcludeFilterContextCustomizer@b1f5d58, org.springframework.boot.test.mock.mockito.MockitoContextCustomizer@0, org.springframework.boot.test.autoconfigure.properties.PropertyMappingContextCustomizer@0, org.springframework.boot.test.autoconfigure.web.servlet.WebDriverContextCustomizerFactory$Customizer@2cb6dbe1], resourceBasePath = 'src/main/webapp', contextLoader = 'org.springframework.boot.test.context.SpringBootContextLoader', parent = [null]]], class annotated with @DirtiesContext [false] with mode [null].
17:11:33.378 [Test worker] DEBUG org.springframework.test.annotation.ProfileValueUtils - Retrieved @ProfileValueSourceConfiguration [null] for test class [fr.learn.LearnApplicationTests]
17:11:33.379 [Test worker] DEBUG org.springframework.test.annotation.ProfileValueUtils - Retrieved ProfileValueSource type [class org.springframework.test.annotation.SystemProfileValueSource] for class [fr.learn.LearnApplicationTests]
17:11:33.525 [Test worker] DEBUG org.springframework.core.env.StandardEnvironment - Adding [systemProperties] PropertySource with lowest search precedence
17:11:33.525 [Test worker] DEBUG org.springframework.core.env.StandardEnvironment - Adding [systemEnvironment] PropertySource with lowest search precedence
17:11:33.525 [Test worker] DEBUG org.springframework.core.env.StandardEnvironment - Initialized StandardEnvironment with PropertySources [systemProperties,systemEnvironment]
17:11:33.527 [Test worker] DEBUG org.springframework.core.env.MutablePropertySources - Adding [inline] PropertySource with highest search precedence
17:11:33.539 [Test worker] DEBUG org.springframework.test.context.support.TestPropertySourceUtils - Adding inlined properties to environment: {spring.jmx.enabled=false, org.springframework.boot.test.context.SpringBootTestContextBootstrapper=true, server.port=-1}
17:11:33.539 [Test worker] DEBUG org.springframework.core.env.StandardEnvironment - Adding [Inlined Test Properties] PropertySource with highest search precedence

  .   ____          _            __ _ _
 /\\ / ___'_ __ _ _(_)_ __  __ _ \ \ \ \
( ( )\___ | '_ | '_| | '_ \/ _` | \ \ \ \
 \\/  ___)| |_)| | | | | || (_| |  ) ) ) )
  '  |____| .__|_| |_|_| |_\__, | / / / /
 =========|_|==============|___/=/_/_/_/
 :: Spring Boot ::        (v1.5.1.RELEASE)

2017-02-24 17:11:34.162  INFO 5277 --- [    Test worker] fr.learn.LearnApplicationTests           : Starting LearnApplicationTests on ider-Inspiron-3542 with PID 5277 (started by ider in /media/ider/disque local/workSpace/java/java jee/learn)
2017-02-24 17:11:34.164  INFO 5277 --- [    Test worker] fr.learn.LearnApplicationTests           : No active profile set, falling back to default profiles: default
2017-02-24 17:11:34.729  INFO 5277 --- [    Test worker] o.s.w.c.s.GenericWebApplicationContext   : Refreshing org.springframework.web.context.support.GenericWebApplicationContext@1212bb85: startup date [Fri Feb 24 17:11:34 CET 2017]; root of context hierarchy
2017-02-24 17:11:36.488  INFO 5277 --- [    Test worker] o.s.b.f.s.DefaultListableBeanFactory     : Overriding bean definition for bean 'bCryptPasswordEncoder' with a different definition: replacing [Root bean: class [null]; scope=; abstract=false; lazyInit=false; autowireMode=3; dependencyCheck=0; autowireCandidate=true; primary=false; factoryBeanName=securityConfig; factoryMethodName=bCryptPasswordEncoder; initMethodName=null; destroyMethodName=(inferred); defined in class path resource [fr/learn/SecurityConfig.class]] with [Root bean: class [null]; scope=; abstract=false; lazyInit=false; autowireMode=3; dependencyCheck=0; autowireCandidate=true; primary=false; factoryBeanName=memberService; factoryMethodName=bCryptPasswordEncoder; initMethodName=null; destroyMethodName=(inferred); defined in class path resource [fr/learn/member/MemberService.class]]
2017-02-24 17:11:38.003  INFO 5277 --- [    Test worker] trationDelegate$BeanPostProcessorChecker : Bean 'org.springframework.boot.autoconfigure.validation.ValidationAutoConfiguration' of type [class org.springframework.boot.autoconfigure.validation.ValidationAutoConfiguration] is not eligible for getting processed by all BeanPostProcessors (for example: not eligible for auto-proxying)
2017-02-24 17:11:38.189  INFO 5277 --- [    Test worker] trationDelegate$BeanPostProcessorChecker : Bean 'validator' of type [class org.springframework.validation.beanvalidation.LocalValidatorFactoryBean] is not eligible for getting processed by all BeanPostProcessors (for example: not eligible for auto-proxying)
2017-02-24 17:11:38.255  INFO 5277 --- [    Test worker] trationDelegate$BeanPostProcessorChecker : Bean 'org.springframework.transaction.annotation.ProxyTransactionManagementConfiguration' of type [class org.springframework.transaction.annotation.ProxyTransactionManagementConfiguration$$EnhancerBySpringCGLIB$$c5efa24d] is not eligible for getting processed by all BeanPostProcessors (for example: not eligible for auto-proxying)
2017-02-24 17:11:39.870  INFO 5277 --- [    Test worker] j.LocalContainerEntityManagerFactoryBean : Building JPA container EntityManagerFactory for persistence unit 'default'
2017-02-24 17:11:39.915  INFO 5277 --- [    Test worker] o.hibernate.jpa.internal.util.LogHelper  : HHH000204: Processing PersistenceUnitInfo [
	name: default
	...]
2017-02-24 17:11:40.127  INFO 5277 --- [    Test worker] org.hibernate.Version                    : HHH000412: Hibernate Core {5.0.11.Final}
2017-02-24 17:11:40.131  INFO 5277 --- [    Test worker] org.hibernate.cfg.Environment            : HHH000206: hibernate.properties not found
2017-02-24 17:11:40.134  INFO 5277 --- [    Test worker] org.hibernate.cfg.Environment            : HHH000021: Bytecode provider name : javassist
2017-02-24 17:11:40.361  INFO 5277 --- [    Test worker] o.hibernate.annotations.common.Version   : HCANN000001: Hibernate Commons Annotations {5.0.1.Final}
2017-02-24 17:11:40.634  INFO 5277 --- [    Test worker] org.hibernate.dialect.Dialect            : HHH000400: Using dialect: org.hibernate.dialect.MySQL5Dialect
2017-02-24 17:11:41.803  INFO 5277 --- [    Test worker] org.hibernate.tool.hbm2ddl.SchemaUpdate  : HHH000228: Running hbm2ddl schema update
2017-02-24 17:11:41.868  INFO 5277 --- [    Test worker] rmationExtractorJdbcDatabaseMetaDataImpl : HHH000262: Table not found: course
2017-02-24 17:11:41.870  INFO 5277 --- [    Test worker] rmationExtractorJdbcDatabaseMetaDataImpl : HHH000262: Table not found: course
2017-02-24 17:11:42.249  INFO 5277 --- [    Test worker] rmationExtractorJdbcDatabaseMetaDataImpl : HHH000262: Table not found: exercise
2017-02-24 17:11:42.250  INFO 5277 --- [    Test worker] rmationExtractorJdbcDatabaseMetaDataImpl : HHH000262: Table not found: exercise
2017-02-24 17:11:42.516  INFO 5277 --- [    Test worker] rmationExtractorJdbcDatabaseMetaDataImpl : HHH000262: Table not found: lesson
2017-02-24 17:11:42.519  INFO 5277 --- [    Test worker] rmationExtractorJdbcDatabaseMetaDataImpl : HHH000262: Table not found: lesson
2017-02-24 17:11:42.782  INFO 5277 --- [    Test worker] rmationExtractorJdbcDatabaseMetaDataImpl : HHH000262: Table not found: member
2017-02-24 17:11:42.783  INFO 5277 --- [    Test worker] rmationExtractorJdbcDatabaseMetaDataImpl : HHH000262: Table not found: member
2017-02-24 17:11:43.039  INFO 5277 --- [    Test worker] rmationExtractorJdbcDatabaseMetaDataImpl : HHH000262: Table not found: member_role
2017-02-24 17:11:43.040  INFO 5277 --- [    Test worker] rmationExtractorJdbcDatabaseMetaDataImpl : HHH000262: Table not found: member_role
2017-02-24 17:11:43.329  INFO 5277 --- [    Test worker] rmationExtractorJdbcDatabaseMetaDataImpl : HHH000262: Table not found: role
2017-02-24 17:11:43.331  INFO 5277 --- [    Test worker] rmationExtractorJdbcDatabaseMetaDataImpl : HHH000262: Table not found: role
2017-02-24 17:11:47.045  INFO 5277 --- [    Test worker] j.LocalContainerEntityManagerFactoryBean : Initialized JPA EntityManagerFactory for persistence unit 'default'
2017-02-24 17:11:49.558  INFO 5277 --- [    Test worker] o.s.s.web.DefaultSecurityFilterChain     : Creating filter chain: org.springframework.security.web.util.matcher.AnyRequestMatcher@1, [org.springframework.security.web.context.request.async.WebAsyncManagerIntegrationFilter@5722c88e, org.springframework.security.web.context.SecurityContextPersistenceFilter@63ff1297, org.springframework.security.web.header.HeaderWriterFilter@56873530, org.springframework.security.web.authentication.logout.LogoutFilter@523e2971, org.springframework.security.web.authentication.UsernamePasswordAuthenticationFilter@1dfde212, org.springframework.security.web.savedrequest.RequestCacheAwareFilter@227ec0, org.springframework.security.web.servletapi.SecurityContextHolderAwareRequestFilter@1abcc4a0, org.springframework.security.web.authentication.AnonymousAuthenticationFilter@394ad01e, org.springframework.security.web.session.SessionManagementFilter@23690071, org.springframework.security.web.access.ExceptionTranslationFilter@2e656540, org.springframework.security.web.access.intercept.FilterSecurityInterceptor@1b0e3264]
2017-02-24 17:11:50.378  INFO 5277 --- [    Test worker] s.w.s.m.m.a.RequestMappingHandlerAdapter : Looking for @ControllerAdvice: org.springframework.web.context.support.GenericWebApplicationContext@1212bb85: startup date [Fri Feb 24 17:11:34 CET 2017]; root of context hierarchy
2017-02-24 17:11:50.600  INFO 5277 --- [    Test worker] s.w.s.m.m.a.RequestMappingHandlerMapping : Mapped "{[/login],methods=[GET]}" onto public java.lang.String fr.learn.MvcController.login(org.springframework.ui.Model)
2017-02-24 17:11:50.603  INFO 5277 --- [    Test worker] s.w.s.m.m.a.RequestMappingHandlerMapping : Mapped "{[/],methods=[GET]}" onto public java.lang.String fr.learn.MvcController.index(org.springframework.ui.Model)
2017-02-24 17:11:50.606  INFO 5277 --- [    Test worker] s.w.s.m.m.a.RequestMappingHandlerMapping : Mapped "{[/resources/members],methods=[GET]}" onto public java.util.List<fr.learn.dao.Member> fr.learn.member.MemberController.getAllMembers()
2017-02-24 17:11:50.607  INFO 5277 --- [    Test worker] s.w.s.m.m.a.RequestMappingHandlerMapping : Mapped "{[/resources/members/{idMember}],methods=[DELETE]}" onto public void fr.learn.member.MemberController.deleteMember(long)
2017-02-24 17:11:50.608  INFO 5277 --- [    Test worker] s.w.s.m.m.a.RequestMappingHandlerMapping : Mapped "{[/resources/members],methods=[POST]}" onto public void fr.learn.member.MemberController.registerMember(fr.learn.dao.Member)
2017-02-24 17:11:50.613  INFO 5277 --- [    Test worker] s.w.s.m.m.a.RequestMappingHandlerMapping : Mapped "{[/error],produces=[text/html]}" onto public org.springframework.web.servlet.ModelAndView org.springframework.boot.autoconfigure.web.BasicErrorController.errorHtml(javax.servlet.http.HttpServletRequest,javax.servlet.http.HttpServletResponse)
2017-02-24 17:11:50.615  INFO 5277 --- [    Test worker] s.w.s.m.m.a.RequestMappingHandlerMapping : Mapped "{[/error]}" onto public org.springframework.http.ResponseEntity<java.util.Map<java.lang.String, java.lang.Object>> org.springframework.boot.autoconfigure.web.BasicErrorController.error(javax.servlet.http.HttpServletRequest)
2017-02-24 17:11:50.712  INFO 5277 --- [    Test worker] o.s.w.s.handler.SimpleUrlHandlerMapping  : Mapped URL path [/webjars/**] onto handler of type [class org.springframework.web.servlet.resource.ResourceHttpRequestHandler]
2017-02-24 17:11:50.713  INFO 5277 --- [    Test worker] o.s.w.s.handler.SimpleUrlHandlerMapping  : Mapped URL path [/**] onto handler of type [class org.springframework.web.servlet.resource.ResourceHttpRequestHandler]
2017-02-24 17:11:50.829  INFO 5277 --- [    Test worker] o.s.w.s.handler.SimpleUrlHandlerMapping  : Mapped URL path [/**/favicon.ico] onto handler of type [class org.springframework.web.servlet.resource.ResourceHttpRequestHandler]
2017-02-24 17:11:52.631  INFO 5277 --- [    Test worker] fr.learn.LearnApplicationTests           : Started LearnApplicationTests in 19.046 seconds (JVM running for 21.389)
]]></system-out>
  <system-err><![CDATA[]]></system-err>
</testsuite>
