<?xml version="1.0" encoding="UTF-8"?>
<testsuite name="fr.learn.LearnApplicationTests" tests="1" skipped="0" failures="0" errors="0" timestamp="2017-03-13T08:09:45" hostname="ider-Inspiron-3542" time="0.095">
  <properties/>
  <testcase name="contextLoads" classname="fr.learn.LearnApplicationTests" time="0.095"/>
  <system-out><![CDATA[09:09:32.564 [Test worker] DEBUG org.springframework.test.context.junit4.SpringJUnit4ClassRunner - SpringJUnit4ClassRunner constructor called with [class fr.learn.LearnApplicationTests]
09:09:32.577 [Test worker] DEBUG org.springframework.test.context.BootstrapUtils - Instantiating CacheAwareContextLoaderDelegate from class [org.springframework.test.context.cache.DefaultCacheAwareContextLoaderDelegate]
09:09:32.599 [Test worker] DEBUG org.springframework.test.context.BootstrapUtils - Instantiating BootstrapContext using constructor [public org.springframework.test.context.support.DefaultBootstrapContext(java.lang.Class,org.springframework.test.context.CacheAwareContextLoaderDelegate)]
09:09:32.640 [Test worker] DEBUG org.springframework.test.context.BootstrapUtils - Instantiating TestContextBootstrapper for test class [fr.learn.LearnApplicationTests] from class [org.springframework.boot.test.context.SpringBootTestContextBootstrapper]
09:09:32.671 [Test worker] INFO org.springframework.boot.test.context.SpringBootTestContextBootstrapper - Neither @ContextConfiguration nor @ContextHierarchy found for test class [fr.learn.LearnApplicationTests], using SpringBootContextLoader
09:09:32.679 [Test worker] DEBUG org.springframework.test.context.support.AbstractContextLoader - Did not detect default resource location for test class [fr.learn.LearnApplicationTests]: class path resource [fr/learn/LearnApplicationTests-context.xml] does not exist
09:09:32.680 [Test worker] DEBUG org.springframework.test.context.support.AbstractContextLoader - Did not detect default resource location for test class [fr.learn.LearnApplicationTests]: class path resource [fr/learn/LearnApplicationTestsContext.groovy] does not exist
09:09:32.680 [Test worker] INFO org.springframework.test.context.support.AbstractContextLoader - Could not detect default resource locations for test class [fr.learn.LearnApplicationTests]: no resource found for suffixes {-context.xml, Context.groovy}.
09:09:32.682 [Test worker] INFO org.springframework.test.context.support.AnnotationConfigContextLoaderUtils - Could not detect default configuration classes for test class [fr.learn.LearnApplicationTests]: LearnApplicationTests does not declare any static, non-private, non-final, nested classes annotated with @Configuration.
09:09:32.781 [Test worker] DEBUG org.springframework.test.context.support.ActiveProfilesUtils - Could not find an 'annotation declaring class' for annotation type [org.springframework.test.context.ActiveProfiles] and class [fr.learn.LearnApplicationTests]
09:09:32.811 [Test worker] DEBUG org.springframework.core.env.StandardEnvironment - Adding [systemProperties] PropertySource with lowest search precedence
09:09:32.814 [Test worker] DEBUG org.springframework.core.env.StandardEnvironment - Adding [systemEnvironment] PropertySource with lowest search precedence
09:09:32.815 [Test worker] DEBUG org.springframework.core.env.StandardEnvironment - Initialized StandardEnvironment with PropertySources [systemProperties,systemEnvironment]
09:09:32.849 [Test worker] DEBUG org.springframework.core.io.support.PathMatchingResourcePatternResolver - Resolved classpath location [fr/learn/] to resources [URL [file:/media/ider/disque%20local/workSpace/java/java%20jee/learn/build/classes/test/fr/learn/], URL [file:/media/ider/disque%20local/workSpace/java/java%20jee/learn/build/classes/main/fr/learn/]]
09:09:32.850 [Test worker] DEBUG org.springframework.core.io.support.PathMatchingResourcePatternResolver - Looking for matching resources in directory tree [/media/ider/disque local/workSpace/java/java jee/learn/build/classes/test/fr/learn]
09:09:32.850 [Test worker] DEBUG org.springframework.core.io.support.PathMatchingResourcePatternResolver - Searching directory [/media/ider/disque local/workSpace/java/java jee/learn/build/classes/test/fr/learn] for files matching pattern [/media/ider/disque local/workSpace/java/java jee/learn/build/classes/test/fr/learn/*.class]
09:09:32.860 [Test worker] DEBUG org.springframework.core.io.support.PathMatchingResourcePatternResolver - Looking for matching resources in directory tree [/media/ider/disque local/workSpace/java/java jee/learn/build/classes/main/fr/learn]
09:09:32.861 [Test worker] DEBUG org.springframework.core.io.support.PathMatchingResourcePatternResolver - Searching directory [/media/ider/disque local/workSpace/java/java jee/learn/build/classes/main/fr/learn] for files matching pattern [/media/ider/disque local/workSpace/java/java jee/learn/build/classes/main/fr/learn/*.class]
09:09:32.868 [Test worker] DEBUG org.springframework.core.io.support.PathMatchingResourcePatternResolver - Resolved location pattern [classpath*:fr/learn/*.class] to resources [file [/media/ider/disque local/workSpace/java/java jee/learn/build/classes/test/fr/learn/LearnApplicationTests.class], file [/media/ider/disque local/workSpace/java/java jee/learn/build/classes/main/fr/learn/LearnApplication.class], file [/media/ider/disque local/workSpace/java/java jee/learn/build/classes/main/fr/learn/SecurityConfig.class]]
09:09:32.988 [Test worker] DEBUG org.springframework.context.annotation.ClassPathScanningCandidateComponentProvider - Identified candidate component class: file [/media/ider/disque local/workSpace/java/java jee/learn/build/classes/main/fr/learn/LearnApplication.class]
09:09:33.011 [Test worker] INFO org.springframework.boot.test.context.SpringBootTestContextBootstrapper - Found @SpringBootConfiguration fr.learn.LearnApplication for test class fr.learn.LearnApplicationTests
09:09:33.021 [Test worker] DEBUG org.springframework.boot.test.context.SpringBootTestContextBootstrapper - @TestExecutionListeners is not present for class [fr.learn.LearnApplicationTests]: using defaults.
09:09:33.030 [Test worker] INFO org.springframework.boot.test.context.SpringBootTestContextBootstrapper - Loaded default TestExecutionListener class names from location [META-INF/spring.factories]: [org.springframework.boot.test.mock.mockito.MockitoTestExecutionListener, org.springframework.boot.test.mock.mockito.ResetMocksTestExecutionListener, org.springframework.boot.test.autoconfigure.restdocs.RestDocsTestExecutionListener, org.springframework.boot.test.autoconfigure.web.client.MockRestServiceServerResetTestExecutionListener, org.springframework.boot.test.autoconfigure.web.servlet.MockMvcPrintOnlyOnFailureTestExecutionListener, org.springframework.boot.test.autoconfigure.web.servlet.WebDriverTestExecutionListener, org.springframework.test.context.web.ServletTestExecutionListener, org.springframework.test.context.support.DirtiesContextBeforeModesTestExecutionListener, org.springframework.test.context.support.DependencyInjectionTestExecutionListener, org.springframework.test.context.support.DirtiesContextTestExecutionListener, org.springframework.test.context.transaction.TransactionalTestExecutionListener, org.springframework.test.context.jdbc.SqlScriptsTestExecutionListener]
09:09:33.083 [Test worker] INFO org.springframework.boot.test.context.SpringBootTestContextBootstrapper - Using TestExecutionListeners: [org.springframework.test.context.web.ServletTestExecutionListener@61d35d0e, org.springframework.test.context.support.DirtiesContextBeforeModesTestExecutionListener@d196055, org.springframework.boot.test.autoconfigure.SpringBootDependencyInjectionTestExecutionListener@22768d7e, org.springframework.test.context.support.DirtiesContextTestExecutionListener@5abba3f9, org.springframework.test.context.transaction.TransactionalTestExecutionListener@217bae8d, org.springframework.test.context.jdbc.SqlScriptsTestExecutionListener@67a6793f, org.springframework.boot.test.autoconfigure.web.client.MockRestServiceServerResetTestExecutionListener@712d05c8, org.springframework.boot.test.autoconfigure.web.servlet.WebDriverTestExecutionListener@768ec47f, org.springframework.boot.test.mock.mockito.ResetMocksTestExecutionListener@a7d03e5, org.springframework.boot.test.mock.mockito.MockitoTestExecutionListener@5ec6fc14, org.springframework.boot.test.autoconfigure.restdocs.RestDocsTestExecutionListener@47dcb141, org.springframework.boot.test.autoconfigure.web.servlet.MockMvcPrintOnlyOnFailureTestExecutionListener@477128f9]
09:09:33.091 [Test worker] DEBUG org.springframework.test.annotation.ProfileValueUtils - Retrieved @ProfileValueSourceConfiguration [null] for test class [fr.learn.LearnApplicationTests]
09:09:33.093 [Test worker] DEBUG org.springframework.test.annotation.ProfileValueUtils - Retrieved ProfileValueSource type [class org.springframework.test.annotation.SystemProfileValueSource] for class [fr.learn.LearnApplicationTests]
09:09:33.094 [Test worker] DEBUG org.springframework.test.annotation.ProfileValueUtils - Retrieved @ProfileValueSourceConfiguration [null] for test class [fr.learn.LearnApplicationTests]
09:09:33.095 [Test worker] DEBUG org.springframework.test.annotation.ProfileValueUtils - Retrieved ProfileValueSource type [class org.springframework.test.annotation.SystemProfileValueSource] for class [fr.learn.LearnApplicationTests]
09:09:33.106 [Test worker] DEBUG org.springframework.test.context.support.AbstractDirtiesContextTestExecutionListener - Before test class: context [DefaultTestContext@25432b0 testClass = LearnApplicationTests, testInstance = [null], testMethod = [null], testException = [null], mergedContextConfiguration = [WebMergedContextConfiguration@70e9ee53 testClass = LearnApplicationTests, locations = '{}', classes = '{class fr.learn.LearnApplication}', contextInitializerClasses = '[]', activeProfiles = '{}', propertySourceLocations = '{}', propertySourceProperties = '{org.springframework.boot.test.context.SpringBootTestContextBootstrapper=true}', contextCustomizers = set[org.springframework.boot.test.context.SpringBootTestContextCustomizer@181010a3, org.springframework.boot.test.context.filter.ExcludeFilterContextCustomizer@7c5505c7, org.springframework.boot.test.mock.mockito.MockitoContextCustomizer@0, org.springframework.boot.test.autoconfigure.properties.PropertyMappingContextCustomizer@0, org.springframework.boot.test.autoconfigure.web.servlet.WebDriverContextCustomizerFactory$Customizer@4d5c7a85], resourceBasePath = 'src/main/webapp', contextLoader = 'org.springframework.boot.test.context.SpringBootContextLoader', parent = [null]]], class annotated with @DirtiesContext [false] with mode [null].
09:09:33.108 [Test worker] DEBUG org.springframework.test.annotation.ProfileValueUtils - Retrieved @ProfileValueSourceConfiguration [null] for test class [fr.learn.LearnApplicationTests]
09:09:33.108 [Test worker] DEBUG org.springframework.test.annotation.ProfileValueUtils - Retrieved ProfileValueSource type [class org.springframework.test.annotation.SystemProfileValueSource] for class [fr.learn.LearnApplicationTests]
09:09:33.286 [Test worker] DEBUG org.springframework.core.env.StandardEnvironment - Adding [systemProperties] PropertySource with lowest search precedence
09:09:33.287 [Test worker] DEBUG org.springframework.core.env.StandardEnvironment - Adding [systemEnvironment] PropertySource with lowest search precedence
09:09:33.287 [Test worker] DEBUG org.springframework.core.env.StandardEnvironment - Initialized StandardEnvironment with PropertySources [systemProperties,systemEnvironment]
09:09:33.289 [Test worker] DEBUG org.springframework.core.env.MutablePropertySources - Adding [inline] PropertySource with highest search precedence
09:09:33.306 [Test worker] DEBUG org.springframework.test.context.support.TestPropertySourceUtils - Adding inlined properties to environment: {spring.jmx.enabled=false, org.springframework.boot.test.context.SpringBootTestContextBootstrapper=true, server.port=-1}
09:09:33.307 [Test worker] DEBUG org.springframework.core.env.StandardEnvironment - Adding [Inlined Test Properties] PropertySource with highest search precedence

  .   ____          _            __ _ _
 /\\ / ___'_ __ _ _(_)_ __  __ _ \ \ \ \
( ( )\___ | '_ | '_| | '_ \/ _` | \ \ \ \
 \\/  ___)| |_)| | | | | || (_| |  ) ) ) )
  '  |____| .__|_| |_|_| |_\__, | / / / /
 =========|_|==============|___/=/_/_/_/
 :: Spring Boot ::        (v1.5.1.RELEASE)

2017-03-13 09:09:33.956  INFO 5928 --- [    Test worker] fr.learn.LearnApplicationTests           : Starting LearnApplicationTests on ider-Inspiron-3542 with PID 5928 (started by ider in /media/ider/disque local/workSpace/java/java jee/learn)
2017-03-13 09:09:33.959  INFO 5928 --- [    Test worker] fr.learn.LearnApplicationTests           : No active profile set, falling back to default profiles: default
2017-03-13 09:09:34.104  INFO 5928 --- [    Test worker] o.s.w.c.s.GenericWebApplicationContext   : Refreshing org.springframework.web.context.support.GenericWebApplicationContext@4797bab5: startup date [Mon Mar 13 09:09:34 CET 2017]; root of context hierarchy
2017-03-13 09:09:36.209  INFO 5928 --- [    Test worker] o.s.b.f.s.DefaultListableBeanFactory     : Overriding bean definition for bean 'bCryptPasswordEncoder' with a different definition: replacing [Root bean: class [null]; scope=; abstract=false; lazyInit=false; autowireMode=3; dependencyCheck=0; autowireCandidate=true; primary=false; factoryBeanName=securityConfig; factoryMethodName=bCryptPasswordEncoder; initMethodName=null; destroyMethodName=(inferred); defined in class path resource [fr/learn/SecurityConfig.class]] with [Root bean: class [null]; scope=; abstract=false; lazyInit=false; autowireMode=3; dependencyCheck=0; autowireCandidate=true; primary=false; factoryBeanName=memberService; factoryMethodName=bCryptPasswordEncoder; initMethodName=null; destroyMethodName=(inferred); defined in class path resource [fr/learn/member/MemberService.class]]
2017-03-13 09:09:37.731  INFO 5928 --- [    Test worker] trationDelegate$BeanPostProcessorChecker : Bean 'org.springframework.boot.autoconfigure.validation.ValidationAutoConfiguration' of type [class org.springframework.boot.autoconfigure.validation.ValidationAutoConfiguration] is not eligible for getting processed by all BeanPostProcessors (for example: not eligible for auto-proxying)
2017-03-13 09:09:37.917  INFO 5928 --- [    Test worker] trationDelegate$BeanPostProcessorChecker : Bean 'validator' of type [class org.springframework.validation.beanvalidation.LocalValidatorFactoryBean] is not eligible for getting processed by all BeanPostProcessors (for example: not eligible for auto-proxying)
2017-03-13 09:09:37.975  INFO 5928 --- [    Test worker] trationDelegate$BeanPostProcessorChecker : Bean 'org.springframework.transaction.annotation.ProxyTransactionManagementConfiguration' of type [class org.springframework.transaction.annotation.ProxyTransactionManagementConfiguration$$EnhancerBySpringCGLIB$$e118362e] is not eligible for getting processed by all BeanPostProcessors (for example: not eligible for auto-proxying)
2017-03-13 09:09:39.245  INFO 5928 --- [    Test worker] j.LocalContainerEntityManagerFactoryBean : Building JPA container EntityManagerFactory for persistence unit 'default'
2017-03-13 09:09:39.282  INFO 5928 --- [    Test worker] o.hibernate.jpa.internal.util.LogHelper  : HHH000204: Processing PersistenceUnitInfo [
	name: default
	...]
2017-03-13 09:09:39.443  INFO 5928 --- [    Test worker] org.hibernate.Version                    : HHH000412: Hibernate Core {5.0.11.Final}
2017-03-13 09:09:39.447  INFO 5928 --- [    Test worker] org.hibernate.cfg.Environment            : HHH000206: hibernate.properties not found
2017-03-13 09:09:39.450  INFO 5928 --- [    Test worker] org.hibernate.cfg.Environment            : HHH000021: Bytecode provider name : javassist
2017-03-13 09:09:39.549  INFO 5928 --- [    Test worker] o.hibernate.annotations.common.Version   : HCANN000001: Hibernate Commons Annotations {5.0.1.Final}
2017-03-13 09:09:39.865  INFO 5928 --- [    Test worker] org.hibernate.dialect.Dialect            : HHH000400: Using dialect: org.hibernate.dialect.MySQL5Dialect
2017-03-13 09:09:41.204  INFO 5928 --- [    Test worker] org.hibernate.tool.hbm2ddl.SchemaUpdate  : HHH000228: Running hbm2ddl schema update
2017-03-13 09:09:41.488  INFO 5928 --- [    Test worker] j.LocalContainerEntityManagerFactoryBean : Initialized JPA EntityManagerFactory for persistence unit 'default'
2017-03-13 09:09:43.676  INFO 5928 --- [    Test worker] o.s.s.web.DefaultSecurityFilterChain     : Creating filter chain: org.springframework.security.web.util.matcher.AnyRequestMatcher@1, [org.springframework.security.web.context.request.async.WebAsyncManagerIntegrationFilter@4c139666, org.springframework.security.web.context.SecurityContextPersistenceFilter@29073737, org.springframework.security.web.header.HeaderWriterFilter@2255b2f7, org.springframework.security.web.authentication.logout.LogoutFilter@11241c08, org.springframework.security.web.authentication.UsernamePasswordAuthenticationFilter@211efe07, org.springframework.security.web.savedrequest.RequestCacheAwareFilter@4828b825, org.springframework.security.web.servletapi.SecurityContextHolderAwareRequestFilter@1e5acdf3, org.springframework.security.web.authentication.AnonymousAuthenticationFilter@60acfdde, org.springframework.security.web.session.SessionManagementFilter@44f12eee, org.springframework.security.web.access.ExceptionTranslationFilter@9df9c0, org.springframework.security.web.access.intercept.FilterSecurityInterceptor@2aad6d21]
2017-03-13 09:09:44.505  INFO 5928 --- [    Test worker] s.w.s.m.m.a.RequestMappingHandlerAdapter : Looking for @ControllerAdvice: org.springframework.web.context.support.GenericWebApplicationContext@4797bab5: startup date [Mon Mar 13 09:09:34 CET 2017]; root of context hierarchy
2017-03-13 09:09:44.700  INFO 5928 --- [    Test worker] s.w.s.m.m.a.RequestMappingHandlerMapping : Mapped "{[/resources/courses],methods=[POST]}" onto public boolean fr.learn.course.CourseController.addCourse(fr.learn.dao.Course)
2017-03-13 09:09:44.702  INFO 5928 --- [    Test worker] s.w.s.m.m.a.RequestMappingHandlerMapping : Mapped "{[/resources/courses],methods=[GET]}" onto public java.util.List<fr.learn.dao.Course> fr.learn.course.CourseController.getAllCourses()
2017-03-13 09:09:44.702  INFO 5928 --- [    Test worker] s.w.s.m.m.a.RequestMappingHandlerMapping : Mapped "{[/resources/courses/{idCourse}],methods=[PUT]}" onto public java.lang.Boolean fr.learn.course.CourseController.modifyCourses(fr.learn.dao.Course,java.lang.Long)
2017-03-13 09:09:44.703  INFO 5928 --- [    Test worker] s.w.s.m.m.a.RequestMappingHandlerMapping : Mapped "{[/resources/courses/{idCourse}],methods=[DELETE]}" onto public boolean fr.learn.course.CourseController.deleteCourse(java.lang.Long)
2017-03-13 09:09:44.703  INFO 5928 --- [    Test worker] s.w.s.m.m.a.RequestMappingHandlerMapping : Mapped "{[/resources/courses/{idCourse}],methods=[GET]}" onto public fr.learn.dao.Course fr.learn.course.CourseController.getCourse(java.lang.Long)
2017-03-13 09:09:44.705  INFO 5928 --- [    Test worker] s.w.s.m.m.a.RequestMappingHandlerMapping : Mapped "{[/resources/courses/{idCourse}/lessons/{idLesson}/exercises],methods=[POST]}" onto public boolean fr.learn.exercise.ExerciseController.addExercise(java.lang.Long,fr.learn.dao.Exercise)
2017-03-13 09:09:44.705  INFO 5928 --- [    Test worker] s.w.s.m.m.a.RequestMappingHandlerMapping : Mapped "{[/resources/courses/{idCourse}/lessons/{idLesson}/exercises/{idExercise}],methods=[PUT]}" onto public boolean fr.learn.exercise.ExerciseController.updateExercise(java.lang.Long,fr.learn.dao.Exercise)
2017-03-13 09:09:44.706  INFO 5928 --- [    Test worker] s.w.s.m.m.a.RequestMappingHandlerMapping : Mapped "{[/resources/courses/{idCourse}/lessons/{idLesson}/exercises/{idExercise}],methods=[DELETE]}" onto public boolean fr.learn.exercise.ExerciseController.deleteExercise(java.lang.Long)
2017-03-13 09:09:44.706  INFO 5928 --- [    Test worker] s.w.s.m.m.a.RequestMappingHandlerMapping : Mapped "{[/resources/courses/{idCourse}/lessons/{idLesson}/exercises],methods=[GET]}" onto public java.util.List<fr.learn.dao.Exercise> fr.learn.exercise.ExerciseController.getAllExercisesOfLesson(java.lang.Long)
2017-03-13 09:09:44.706  INFO 5928 --- [    Test worker] s.w.s.m.m.a.RequestMappingHandlerMapping : Mapped "{[/resources/courses/{idCourse}/lessons/{idLesson}/exercises/{idExercise}],methods=[GET]}" onto public fr.learn.dao.Exercise fr.learn.exercise.ExerciseController.getExerciseById(java.lang.Long)
2017-03-13 09:09:44.709  INFO 5928 --- [    Test worker] s.w.s.m.m.a.RequestMappingHandlerMapping : Mapped "{[/resources/courses/{idCourse}/lessons/{idLesson}],methods=[GET]}" onto public fr.learn.dao.Lesson fr.learn.lesson.LessonController.getLesson(java.lang.Long)
2017-03-13 09:09:44.709  INFO 5928 --- [    Test worker] s.w.s.m.m.a.RequestMappingHandlerMapping : Mapped "{[/resources/courses/{idCourse}/lessons],methods=[GET]}" onto public java.util.List<fr.learn.dao.Lesson> fr.learn.lesson.LessonController.getAllLessonsOfCourse(java.lang.Long)
2017-03-13 09:09:44.709  INFO 5928 --- [    Test worker] s.w.s.m.m.a.RequestMappingHandlerMapping : Mapped "{[/resources/courses/{idCourse}/lessons],methods=[POST]}" onto public boolean fr.learn.lesson.LessonController.addLesson(java.lang.Long,fr.learn.dao.Lesson)
2017-03-13 09:09:44.710  INFO 5928 --- [    Test worker] s.w.s.m.m.a.RequestMappingHandlerMapping : Mapped "{[/resources/courses/{idCourse}/lessons/{idLesson}],methods=[DELETE]}" onto public boolean fr.learn.lesson.LessonController.deleteLesson(java.lang.Long)
2017-03-13 09:09:44.710  INFO 5928 --- [    Test worker] s.w.s.m.m.a.RequestMappingHandlerMapping : Mapped "{[/resources/courses/{idCourse}/lessons/{idLesson}],methods=[PUT]}" onto public boolean fr.learn.lesson.LessonController.updateLesson(java.lang.Long,fr.learn.dao.Lesson)
2017-03-13 09:09:44.714  INFO 5928 --- [    Test worker] s.w.s.m.m.a.RequestMappingHandlerMapping : Mapped "{[/resources/members/{idMember}],methods=[GET]}" onto public fr.learn.dao.Member fr.learn.member.MemberController.getMember(long)
2017-03-13 09:09:44.715  INFO 5928 --- [    Test worker] s.w.s.m.m.a.RequestMappingHandlerMapping : Mapped "{[/resources/members],methods=[POST]}" onto public boolean fr.learn.member.MemberController.registerMember(fr.learn.dao.Member)
2017-03-13 09:09:44.715  INFO 5928 --- [    Test worker] s.w.s.m.m.a.RequestMappingHandlerMapping : Mapped "{[/resources/members],methods=[GET]}" onto public java.util.List<fr.learn.dao.Member> fr.learn.member.MemberController.getAllMembers()
2017-03-13 09:09:44.715  INFO 5928 --- [    Test worker] s.w.s.m.m.a.RequestMappingHandlerMapping : Mapped "{[/resources/members/{idMember}],methods=[DELETE]}" onto public boolean fr.learn.member.MemberController.deleteMember(java.lang.Long)
2017-03-13 09:09:44.716  INFO 5928 --- [    Test worker] s.w.s.m.m.a.RequestMappingHandlerMapping : Mapped "{[/resources/members/{idMember}],methods=[PUT]}" onto public boolean fr.learn.member.MemberController.updateMember(java.lang.Long,fr.learn.dao.Member)
2017-03-13 09:09:44.716  INFO 5928 --- [    Test worker] s.w.s.m.m.a.RequestMappingHandlerMapping : Mapped "{[/resources/members/loggedIn],methods=[GET]}" onto public fr.learn.dao.Member fr.learn.member.MemberController.getLoggedInMember()
2017-03-13 09:09:44.716  INFO 5928 --- [    Test worker] s.w.s.m.m.a.RequestMappingHandlerMapping : Mapped "{[/resources/members/changePassword],methods=[GET]}" onto public boolean fr.learn.member.MemberController.changeMemberPassword(java.lang.String)
2017-03-13 09:09:44.717  INFO 5928 --- [    Test worker] s.w.s.m.m.a.RequestMappingHandlerMapping : Mapped "{[/resources/members/pseudo/validate]}" onto public org.springframework.http.ResponseEntity<java.lang.String> fr.learn.member.MemberController.pseudoExists(java.lang.String)
2017-03-13 09:09:44.717  INFO 5928 --- [    Test worker] s.w.s.m.m.a.RequestMappingHandlerMapping : Mapped "{[/resources/members/email/validate]}" onto public org.springframework.http.ResponseEntity<java.lang.String> fr.learn.member.MemberController.mailExists(java.lang.String)
2017-03-13 09:09:44.721  INFO 5928 --- [    Test worker] s.w.s.m.m.a.RequestMappingHandlerMapping : Mapped "{[/error],produces=[text/html]}" onto public org.springframework.web.servlet.ModelAndView org.springframework.boot.autoconfigure.web.BasicErrorController.errorHtml(javax.servlet.http.HttpServletRequest,javax.servlet.http.HttpServletResponse)
2017-03-13 09:09:44.721  INFO 5928 --- [    Test worker] s.w.s.m.m.a.RequestMappingHandlerMapping : Mapped "{[/error]}" onto public org.springframework.http.ResponseEntity<java.util.Map<java.lang.String, java.lang.Object>> org.springframework.boot.autoconfigure.web.BasicErrorController.error(javax.servlet.http.HttpServletRequest)
2017-03-13 09:09:44.800  INFO 5928 --- [    Test worker] o.s.w.s.handler.SimpleUrlHandlerMapping  : Mapped URL path [/webjars/**] onto handler of type [class org.springframework.web.servlet.resource.ResourceHttpRequestHandler]
2017-03-13 09:09:44.801  INFO 5928 --- [    Test worker] o.s.w.s.handler.SimpleUrlHandlerMapping  : Mapped URL path [/**] onto handler of type [class org.springframework.web.servlet.resource.ResourceHttpRequestHandler]
2017-03-13 09:09:44.887  INFO 5928 --- [    Test worker] o.s.w.s.handler.SimpleUrlHandlerMapping  : Mapped URL path [/**/favicon.ico] onto handler of type [class org.springframework.web.servlet.resource.ResourceHttpRequestHandler]
2017-03-13 09:09:44.951  INFO 5928 --- [    Test worker] oConfiguration$WelcomePageHandlerMapping : Adding welcome page: ServletContext resource [/index.html]
2017-03-13 09:09:45.700  INFO 5928 --- [    Test worker] fr.learn.LearnApplicationTests           : Started LearnApplicationTests in 12.37 seconds (JVM running for 14.452)
]]></system-out>
  <system-err><![CDATA[]]></system-err>
</testsuite>
